----------------------------------------
Begin Torque Prologue on nid25335
at Sun Nov 11 17:57:53 CST 2018
Job Id:			9200628.bw
Username:		wang19
Group:			ILL_baue
Job name:		download_sdss
Requested resources:	nodes=16:ppn=32:xe,walltime=18:00:00,neednodes=16:ppn=32:xe
Queue:			high
Account:		baue
End Torque Prologue:  0.119 elapsed
----------------------------------------




100 out of 203100 tasks done at 20.89 secs
200 out of 203100 tasks done at 37.59 secs
300 out of 203100 tasks done at 55.71 secs
400 out of 203100 tasks done at 70.69 secs
500 out of 203100 tasks done at 84.39 secs
600 out of 203100 tasks done at 97.91 secs
700 out of 203100 tasks done at 112.96 secs
800 out of 203100 tasks done at 127.96 secs
900 out of 203100 tasks done at 141.04 secs
1000 out of 203100 tasks done at 157.26 secs
1100 out of 203100 tasks done at 172.91 secs
1200 out of 203100 tasks done at 191.47 secs
1300 out of 203100 tasks done at 208.22 secs
1400 out of 203100 tasks done at 223.70 secs
1500 out of 203100 tasks done at 240.41 secs
1600 out of 203100 tasks done at 254.04 secs
1700 out of 203100 tasks done at 270.74 secs
1800 out of 203100 tasks done at 286.00 secs
1900 out of 203100 tasks done at 301.01 secs
2000 out of 203100 tasks done at 316.71 secs
2100 out of 203100 tasks done at 331.11 secs
2200 out of 203100 tasks done at 346.60 secs
2300 out of 203100 tasks done at 361.95 secs
2400 out of 203100 tasks done at 374.95 secs
2500 out of 203100 tasks done at 390.73 secs
2600 out of 203100 tasks done at 406.04 secs
2700 out of 203100 tasks done at 422.55 secs
2800 out of 203100 tasks done at 437.43 secs
2900 out of 203100 tasks done at 452.42 secs
3000 out of 203100 tasks done at 467.32 secs
3100 out of 203100 tasks done at 483.59 secs
3200 out of 203100 tasks done at 499.10 secs
3300 out of 203100 tasks done at 513.34 secs
3400 out of 203100 tasks done at 526.40 secs
3500 out of 203100 tasks done at 543.26 secs
3600 out of 203100 tasks done at 559.17 secs
3700 out of 203100 tasks done at 572.97 secs
3800 out of 203100 tasks done at 589.11 secs
3900 out of 203100 tasks done at 602.33 secs
4000 out of 203100 tasks done at 615.31 secs
4100 out of 203100 tasks done at 631.13 secs
4200 out of 203100 tasks done at 647.62 secs
4300 out of 203100 tasks done at 662.84 secs
4400 out of 203100 tasks done at 679.04 secs
4500 out of 203100 tasks done at 694.57 secs
4600 out of 203100 tasks done at 710.22 secs
4700 out of 203100 tasks done at 723.79 secs
4800 out of 203100 tasks done at 737.12 secs
4900 out of 203100 tasks done at 751.48 secs
5000 out of 203100 tasks done at 765.83 secs
5100 out of 203100 tasks done at 781.11 secs
5200 out of 203100 tasks done at 797.83 secs
5300 out of 203100 tasks done at 813.14 secs
5400 out of 203100 tasks done at 827.98 secs
5500 out of 203100 tasks done at 844.08 secs
5600 out of 203100 tasks done at 858.89 secs
5700 out of 203100 tasks done at 872.29 secs
5800 out of 203100 tasks done at 888.41 secs
5900 out of 203100 tasks done at 903.16 secs
6000 out of 203100 tasks done at 920.10 secs
6100 out of 203100 tasks done at 932.60 secs
6200 out of 203100 tasks done at 950.13 secs
6300 out of 203100 tasks done at 965.31 secs
6400 out of 203100 tasks done at 978.64 secs
6500 out of 203100 tasks done at 992.28 secs
6600 out of 203100 tasks done at 1006.40 secs
6700 out of 203100 tasks done at 1020.17 secs
6800 out of 203100 tasks done at 1057.74 secs
6900 out of 203100 tasks done at 1074.39 secs
7000 out of 203100 tasks done at 1090.27 secs
7100 out of 203100 tasks done at 1104.14 secs
7200 out of 203100 tasks done at 1118.08 secs
7300 out of 203100 tasks done at 1134.14 secs
7400 out of 203100 tasks done at 1150.23 secs
7500 out of 203100 tasks done at 1164.73 secs
7600 out of 203100 tasks done at 1179.23 secs
7700 out of 203100 tasks done at 1194.74 secs
7800 out of 203100 tasks done at 1210.21 secs
7900 out of 203100 tasks done at 1225.96 secs
8000 out of 203100 tasks done at 1241.54 secs
8100 out of 203100 tasks done at 1255.17 secs
8200 out of 203100 tasks done at 1268.18 secs
8300 out of 203100 tasks done at 1285.02 secs
8400 out of 203100 tasks done at 1299.71 secs
8500 out of 203100 tasks done at 1314.15 secs
8600 out of 203100 tasks done at 1326.58 secs
8700 out of 203100 tasks done at 1340.34 secs
8800 out of 203100 tasks done at 1353.44 secs
8900 out of 203100 tasks done at 1369.62 secs
9000 out of 203100 tasks done at 1384.22 secs
9100 out of 203100 tasks done at 1399.85 secs
9200 out of 203100 tasks done at 1414.30 secs
9300 out of 203100 tasks done at 1426.57 secs
9400 out of 203100 tasks done at 1444.13 secs
9500 out of 203100 tasks done at 1458.37 secs
9600 out of 203100 tasks done at 1472.90 secs
9700 out of 203100 tasks done at 1485.84 secs
9800 out of 203100 tasks done at 1501.18 secs
9900 out of 203100 tasks done at 1514.36 secs
10000 out of 203100 tasks done at 1528.14 secs
10100 out of 203100 tasks done at 1541.65 secs
10200 out of 203100 tasks done at 1555.41 secs
10300 out of 203100 tasks done at 1572.72 secs
10400 out of 203100 tasks done at 1588.25 secs
10500 out of 203100 tasks done at 1602.98 secs
10600 out of 203100 tasks done at 1620.35 secs
10700 out of 203100 tasks done at 1634.01 secs
10800 out of 203100 tasks done at 1646.05 secs
10900 out of 203100 tasks done at 1660.29 secs
11000 out of 203100 tasks done at 1674.64 secs
11100 out of 203100 tasks done at 1688.89 secs
11200 out of 203100 tasks done at 1702.85 secs
11300 out of 203100 tasks done at 1718.46 secs
11400 out of 203100 tasks done at 1734.17 secs
11500 out of 203100 tasks done at 1749.70 secs
11600 out of 203100 tasks done at 1766.72 secs
11700 out of 203100 tasks done at 1783.59 secs
11800 out of 203100 tasks done at 1799.39 secs
11900 out of 203100 tasks done at 1814.29 secs
12000 out of 203100 tasks done at 1828.99 secs
12100 out of 203100 tasks done at 1847.04 secs
12200 out of 203100 tasks done at 1860.82 secs
12300 out of 203100 tasks done at 1876.27 secs
12400 out of 203100 tasks done at 1892.21 secs
12500 out of 203100 tasks done at 1906.16 secs
12600 out of 203100 tasks done at 1919.85 secs
12700 out of 203100 tasks done at 1937.86 secs
12800 out of 203100 tasks done at 1953.11 secs
12900 out of 203100 tasks done at 1967.62 secs
13000 out of 203100 tasks done at 1982.04 secs
13100 out of 203100 tasks done at 1997.09 secs
13200 out of 203100 tasks done at 2032.39 secs
13300 out of 203100 tasks done at 2048.62 secs
13400 out of 203100 tasks done at 2062.41 secs
13500 out of 203100 tasks done at 2076.86 secs
13600 out of 203100 tasks done at 2091.65 secs
13700 out of 203100 tasks done at 2104.70 secs
13800 out of 203100 tasks done at 2121.64 secs
13900 out of 203100 tasks done at 2135.78 secs
14000 out of 203100 tasks done at 2150.90 secs
14100 out of 203100 tasks done at 2164.51 secs
14200 out of 203100 tasks done at 2178.01 secs
14300 out of 203100 tasks done at 2192.36 secs
14400 out of 203100 tasks done at 2205.06 secs
14500 out of 203100 tasks done at 2221.05 secs
14600 out of 203100 tasks done at 2237.68 secs
14700 out of 203100 tasks done at 2252.28 secs
14800 out of 203100 tasks done at 2266.43 secs
14900 out of 203100 tasks done at 2282.96 secs
15000 out of 203100 tasks done at 2299.36 secs
15100 out of 203100 tasks done at 2313.55 secs
15200 out of 203100 tasks done at 2332.47 secs
15300 out of 203100 tasks done at 2348.13 secs
15400 out of 203100 tasks done at 2360.97 secs
15500 out of 203100 tasks done at 2375.72 secs
15600 out of 203100 tasks done at 2390.62 secs
15700 out of 203100 tasks done at 2406.24 secs
15800 out of 203100 tasks done at 2421.46 secs
15900 out of 203100 tasks done at 2437.23 secs
16000 out of 203100 tasks done at 2451.86 secs
16100 out of 203100 tasks done at 2465.87 secs
16200 out of 203100 tasks done at 2479.76 secs
16300 out of 203100 tasks done at 2495.36 secs
16400 out of 203100 tasks done at 2509.59 secs
16500 out of 203100 tasks done at 2522.05 secs
16600 out of 203100 tasks done at 2538.38 secs
16700 out of 203100 tasks done at 2552.85 secs
16800 out of 203100 tasks done at 2569.90 secs
16900 out of 203100 tasks done at 2585.28 secs
17000 out of 203100 tasks done at 2602.22 secs
17100 out of 203100 tasks done at 2619.96 secs
17200 out of 203100 tasks done at 2633.29 secs
17300 out of 203100 tasks done at 2648.80 secs
17400 out of 203100 tasks done at 2664.21 secs
17500 out of 203100 tasks done at 2679.98 secs
17600 out of 203100 tasks done at 2696.66 secs
17700 out of 203100 tasks done at 2714.00 secs
17800 out of 203100 tasks done at 2730.36 secs
17900 out of 203100 tasks done at 2748.92 secs
18000 out of 203100 tasks done at 2765.81 secs
18100 out of 203100 tasks done at 2781.38 secs
18200 out of 203100 tasks done at 2798.68 secs
18300 out of 203100 tasks done at 2813.20 secs
18400 out of 203100 tasks done at 2828.00 secs
18500 out of 203100 tasks done at 2845.55 secs
18600 out of 203100 tasks done at 2859.47 secs
18700 out of 203100 tasks done at 2872.85 secs
18800 out of 203100 tasks done at 2886.26 secs
18900 out of 203100 tasks done at 2903.30 secs
19000 out of 203100 tasks done at 2918.05 secs
19100 out of 203100 tasks done at 2934.81 secs
19200 out of 203100 tasks done at 2950.73 secs
19300 out of 203100 tasks done at 2967.07 secs
19400 out of 203100 tasks done at 2983.76 secs
19500 out of 203100 tasks done at 2997.12 secs
19600 out of 203100 tasks done at 3011.90 secs
19700 out of 203100 tasks done at 3026.18 secs
19800 out of 203100 tasks done at 3041.52 secs
19900 out of 203100 tasks done at 3055.02 secs
20000 out of 203100 tasks done at 3070.94 secs
20100 out of 203100 tasks done at 3087.56 secs
20200 out of 203100 tasks done at 3104.85 secs
20300 out of 203100 tasks done at 3121.17 secs
20400 out of 203100 tasks done at 3135.88 secs
20500 out of 203100 tasks done at 3152.91 secs
20600 out of 203100 tasks done at 3167.37 secs
20700 out of 203100 tasks done at 3184.62 secs
20800 out of 203100 tasks done at 3198.95 secs
20900 out of 203100 tasks done at 3214.71 secs
21000 out of 203100 tasks done at 3229.40 secs
21100 out of 203100 tasks done at 3244.66 secs
21200 out of 203100 tasks done at 3258.86 secs
21300 out of 203100 tasks done at 3272.80 secs
21400 out of 203100 tasks done at 3287.90 secs
21500 out of 203100 tasks done at 3302.48 secs
21600 out of 203100 tasks done at 3316.15 secs
21700 out of 203100 tasks done at 3331.54 secs
21800 out of 203100 tasks done at 3349.25 secs
21900 out of 203100 tasks done at 3363.28 secs
22000 out of 203100 tasks done at 3377.34 secs
22100 out of 203100 tasks done at 3393.97 secs
22200 out of 203100 tasks done at 3407.43 secs
22300 out of 203100 tasks done at 3424.87 secs
22400 out of 203100 tasks done at 3438.96 secs
22500 out of 203100 tasks done at 3454.63 secs
22600 out of 203100 tasks done at 3470.42 secs
22700 out of 203100 tasks done at 3484.24 secs
22800 out of 203100 tasks done at 3498.99 secs
22900 out of 203100 tasks done at 3514.90 secs
23000 out of 203100 tasks done at 3530.32 secs
23100 out of 203100 tasks done at 3546.69 secs
23200 out of 203100 tasks done at 3561.56 secs
23300 out of 203100 tasks done at 3575.28 secs
23400 out of 203100 tasks done at 3589.74 secs
23500 out of 203100 tasks done at 3603.16 secs
23600 out of 203100 tasks done at 3617.17 secs
23700 out of 203100 tasks done at 3631.37 secs
23800 out of 203100 tasks done at 3645.93 secs
23900 out of 203100 tasks done at 3661.81 secs
24000 out of 203100 tasks done at 3678.35 secs
24100 out of 203100 tasks done at 3692.63 secs
24200 out of 203100 tasks done at 3707.03 secs
24300 out of 203100 tasks done at 3723.34 secs
24400 out of 203100 tasks done at 3736.79 secs
24500 out of 203100 tasks done at 3750.09 secs
24600 out of 203100 tasks done at 3762.91 secs
24700 out of 203100 tasks done at 3780.77 secs
24800 out of 203100 tasks done at 3795.59 secs
24900 out of 203100 tasks done at 3829.73 secs
25000 out of 203100 tasks done at 3845.27 secs
25100 out of 203100 tasks done at 3860.47 secs
25200 out of 203100 tasks done at 3875.79 secs
25300 out of 203100 tasks done at 3892.36 secs
25400 out of 203100 tasks done at 3909.96 secs
25500 out of 203100 tasks done at 3925.50 secs
25600 out of 203100 tasks done at 3941.59 secs
25700 out of 203100 tasks done at 3956.07 secs
25800 out of 203100 tasks done at 3971.16 secs
25900 out of 203100 tasks done at 3987.71 secs
26000 out of 203100 tasks done at 4004.17 secs
26100 out of 203100 tasks done at 4018.22 secs
26200 out of 203100 tasks done at 4034.06 secs
26300 out of 203100 tasks done at 4048.38 secs
26400 out of 203100 tasks done at 4064.47 secs
26500 out of 203100 tasks done at 4078.54 secs
26600 out of 203100 tasks done at 4093.85 secs
26700 out of 203100 tasks done at 4107.92 secs
26800 out of 203100 tasks done at 4123.38 secs
26900 out of 203100 tasks done at 4137.29 secs
27000 out of 203100 tasks done at 4154.07 secs
27100 out of 203100 tasks done at 4171.65 secs
27200 out of 203100 tasks done at 4190.54 secs
27300 out of 203100 tasks done at 4205.57 secs
27400 out of 203100 tasks done at 4219.69 secs
27500 out of 203100 tasks done at 4235.37 secs
27600 out of 203100 tasks done at 4250.91 secs
27700 out of 203100 tasks done at 4268.14 secs
27800 out of 203100 tasks done at 4282.23 secs
27900 out of 203100 tasks done at 4295.65 secs
28000 out of 203100 tasks done at 4313.04 secs
28100 out of 203100 tasks done at 4327.39 secs
28200 out of 203100 tasks done at 4341.31 secs
28300 out of 203100 tasks done at 4359.02 secs
28400 out of 203100 tasks done at 4377.68 secs
28500 out of 203100 tasks done at 4393.42 secs
28600 out of 203100 tasks done at 4407.48 secs
28700 out of 203100 tasks done at 4422.69 secs
28800 out of 203100 tasks done at 4440.36 secs
28900 out of 203100 tasks done at 4455.09 secs
29000 out of 203100 tasks done at 4470.31 secs
29100 out of 203100 tasks done at 4485.64 secs
29200 out of 203100 tasks done at 4501.00 secs
29300 out of 203100 tasks done at 4517.19 secs
29400 out of 203100 tasks done at 4532.53 secs
29500 out of 203100 tasks done at 4548.67 secs
29600 out of 203100 tasks done at 4562.70 secs
29700 out of 203100 tasks done at 4579.30 secs
29800 out of 203100 tasks done at 4594.04 secs
29900 out of 203100 tasks done at 4609.73 secs
30000 out of 203100 tasks done at 4624.62 secs
30100 out of 203100 tasks done at 4637.72 secs
30200 out of 203100 tasks done at 4653.55 secs
30300 out of 203100 tasks done at 4669.87 secs
30400 out of 203100 tasks done at 4687.32 secs
30500 out of 203100 tasks done at 4703.34 secs
30600 out of 203100 tasks done at 4718.75 secs
30700 out of 203100 tasks done at 4731.57 secs
30800 out of 203100 tasks done at 4745.06 secs
30900 out of 203100 tasks done at 4759.14 secs
31000 out of 203100 tasks done at 4774.12 secs
31100 out of 203100 tasks done at 4788.79 secs
31200 out of 203100 tasks done at 4803.00 secs
31300 out of 203100 tasks done at 4819.17 secs
31400 out of 203100 tasks done at 4834.37 secs
31500 out of 203100 tasks done at 4852.67 secs
31600 out of 203100 tasks done at 4868.33 secs
31700 out of 203100 tasks done at 4884.10 secs
31800 out of 203100 tasks done at 4899.02 secs
31900 out of 203100 tasks done at 4913.81 secs
32000 out of 203100 tasks done at 4929.11 secs
32100 out of 203100 tasks done at 4943.42 secs
32200 out of 203100 tasks done at 4958.91 secs
32300 out of 203100 tasks done at 4976.15 secs
32400 out of 203100 tasks done at 4989.05 secs
32500 out of 203100 tasks done at 5005.96 secs
32600 out of 203100 tasks done at 5021.27 secs
32700 out of 203100 tasks done at 5034.47 secs
32800 out of 203100 tasks done at 5049.15 secs
32900 out of 203100 tasks done at 5065.07 secs
33000 out of 203100 tasks done at 5082.64 secs
33100 out of 203100 tasks done at 5099.85 secs
33200 out of 203100 tasks done at 5118.04 secs
33300 out of 203100 tasks done at 5135.59 secs
33400 out of 203100 tasks done at 5151.97 secs
33500 out of 203100 tasks done at 5167.50 secs
33600 out of 203100 tasks done at 5183.53 secs
33700 out of 203100 tasks done at 5199.97 secs
33800 out of 203100 tasks done at 5214.59 secs
33900 out of 203100 tasks done at 5227.86 secs
34000 out of 203100 tasks done at 5244.60 secs
34100 out of 203100 tasks done at 5259.31 secs
34200 out of 203100 tasks done at 5273.93 secs
34300 out of 203100 tasks done at 5288.41 secs
34400 out of 203100 tasks done at 5304.02 secs
34500 out of 203100 tasks done at 5317.84 secs
34600 out of 203100 tasks done at 5330.61 secs
34700 out of 203100 tasks done at 5342.21 secs
34800 out of 203100 tasks done at 5356.88 secs
34900 out of 203100 tasks done at 5370.50 secs
35000 out of 203100 tasks done at 5385.07 secs
35100 out of 203100 tasks done at 5400.58 secs
35200 out of 203100 tasks done at 5415.03 secs
35300 out of 203100 tasks done at 5429.42 secs
35400 out of 203100 tasks done at 5444.57 secs
35500 out of 203100 tasks done at 5459.43 secs
35600 out of 203100 tasks done at 5474.95 secs
35700 out of 203100 tasks done at 5490.55 secs
35800 out of 203100 tasks done at 5507.50 secs
35900 out of 203100 tasks done at 5522.92 secs
36000 out of 203100 tasks done at 5537.89 secs
36100 out of 203100 tasks done at 5552.34 secs
36200 out of 203100 tasks done at 5567.33 secs
36300 out of 203100 tasks done at 5582.45 secs
36400 out of 203100 tasks done at 5598.30 secs
36500 out of 203100 tasks done at 5612.03 secs
36600 out of 203100 tasks done at 5627.86 secs
36700 out of 203100 tasks done at 5643.68 secs
36800 out of 203100 tasks done at 5657.12 secs
36900 out of 203100 tasks done at 5672.29 secs
37000 out of 203100 tasks done at 5686.82 secs
37100 out of 203100 tasks done at 5700.58 secs
37200 out of 203100 tasks done at 5717.05 secs
37300 out of 203100 tasks done at 5732.78 secs
37400 out of 203100 tasks done at 5746.18 secs
37500 out of 203100 tasks done at 5762.72 secs
37600 out of 203100 tasks done at 5777.81 secs
37700 out of 203100 tasks done at 5795.24 secs
37800 out of 203100 tasks done at 5808.05 secs
37900 out of 203100 tasks done at 5822.56 secs
38000 out of 203100 tasks done at 5837.66 secs
38100 out of 203100 tasks done at 5851.67 secs
38200 out of 203100 tasks done at 5865.18 secs
38300 out of 203100 tasks done at 5880.94 secs
38400 out of 203100 tasks done at 5896.00 secs
38500 out of 203100 tasks done at 5912.93 secs
38600 out of 203100 tasks done at 5926.31 secs
38700 out of 203100 tasks done at 5941.13 secs
38800 out of 203100 tasks done at 5954.19 secs
38900 out of 203100 tasks done at 5970.07 secs
39000 out of 203100 tasks done at 5987.20 secs
39100 out of 203100 tasks done at 6002.48 secs
39200 out of 203100 tasks done at 6017.35 secs
39300 out of 203100 tasks done at 6032.66 secs
39400 out of 203100 tasks done at 6068.38 secs
39500 out of 203100 tasks done at 6082.61 secs
39600 out of 203100 tasks done at 6100.03 secs
39700 out of 203100 tasks done at 6113.84 secs
39800 out of 203100 tasks done at 6130.40 secs
39900 out of 203100 tasks done at 6145.44 secs
40000 out of 203100 tasks done at 6162.68 secs
40100 out of 203100 tasks done at 6179.07 secs
40200 out of 203100 tasks done at 6198.33 secs
40300 out of 203100 tasks done at 6213.86 secs
40400 out of 203100 tasks done at 6231.40 secs
40500 out of 203100 tasks done at 6249.25 secs
40600 out of 203100 tasks done at 6263.72 secs
40700 out of 203100 tasks done at 6279.00 secs
40800 out of 203100 tasks done at 6295.86 secs
40900 out of 203100 tasks done at 6312.09 secs
41000 out of 203100 tasks done at 6327.36 secs
41100 out of 203100 tasks done at 6344.71 secs
41200 out of 203100 tasks done at 6359.71 secs
41300 out of 203100 tasks done at 6376.72 secs
41400 out of 203100 tasks done at 6391.80 secs
41500 out of 203100 tasks done at 6408.37 secs
41600 out of 203100 tasks done at 6425.18 secs
41700 out of 203100 tasks done at 6440.76 secs
41800 out of 203100 tasks done at 6457.20 secs
41900 out of 203100 tasks done at 6473.41 secs
42000 out of 203100 tasks done at 6489.41 secs
42100 out of 203100 tasks done at 6506.17 secs
42200 out of 203100 tasks done at 6521.33 secs
42300 out of 203100 tasks done at 6535.90 secs
42400 out of 203100 tasks done at 6553.51 secs
42500 out of 203100 tasks done at 6570.30 secs
42600 out of 203100 tasks done at 6585.71 secs
42700 out of 203100 tasks done at 6599.97 secs
42800 out of 203100 tasks done at 6616.09 secs
42900 out of 203100 tasks done at 6631.13 secs
43000 out of 203100 tasks done at 6645.23 secs
43100 out of 203100 tasks done at 6661.88 secs
43200 out of 203100 tasks done at 6676.58 secs
43300 out of 203100 tasks done at 6693.73 secs
43400 out of 203100 tasks done at 6707.71 secs
43500 out of 203100 tasks done at 6722.80 secs
43600 out of 203100 tasks done at 6737.96 secs
43700 out of 203100 tasks done at 6754.16 secs
43800 out of 203100 tasks done at 6769.30 secs
43900 out of 203100 tasks done at 6782.65 secs
44000 out of 203100 tasks done at 6795.86 secs
44100 out of 203100 tasks done at 6810.39 secs
44200 out of 203100 tasks done at 6826.09 secs
44300 out of 203100 tasks done at 6841.06 secs
44400 out of 203100 tasks done at 6856.37 secs
44500 out of 203100 tasks done at 6870.17 secs
44600 out of 203100 tasks done at 6885.71 secs
44700 out of 203100 tasks done at 6901.47 secs
44800 out of 203100 tasks done at 6919.02 secs
44900 out of 203100 tasks done at 6935.50 secs
45000 out of 203100 tasks done at 6953.24 secs
45100 out of 203100 tasks done at 6968.93 secs
45200 out of 203100 tasks done at 6982.68 secs
45300 out of 203100 tasks done at 6997.77 secs
45400 out of 203100 tasks done at 7015.03 secs
45500 out of 203100 tasks done at 7029.71 secs
45600 out of 203100 tasks done at 7044.58 secs
45700 out of 203100 tasks done at 7060.34 secs
45800 out of 203100 tasks done at 7075.63 secs
45900 out of 203100 tasks done at 7092.31 secs
46000 out of 203100 tasks done at 7107.83 secs
46100 out of 203100 tasks done at 7121.82 secs
46200 out of 203100 tasks done at 7137.42 secs
46300 out of 203100 tasks done at 7151.18 secs
46400 out of 203100 tasks done at 7165.96 secs
46500 out of 203100 tasks done at 7181.36 secs
46600 out of 203100 tasks done at 7198.32 secs
46700 out of 203100 tasks done at 7215.08 secs
46800 out of 203100 tasks done at 7229.39 secs
46900 out of 203100 tasks done at 7245.62 secs
47000 out of 203100 tasks done at 7260.77 secs
47100 out of 203100 tasks done at 7276.09 secs
47200 out of 203100 tasks done at 7291.88 secs
47300 out of 203100 tasks done at 7307.79 secs
47400 out of 203100 tasks done at 7326.33 secs
47500 out of 203100 tasks done at 7341.26 secs
47600 out of 203100 tasks done at 7357.22 secs
47700 out of 203100 tasks done at 7372.94 secs
47800 out of 203100 tasks done at 7387.80 secs
47900 out of 203100 tasks done at 7404.27 secs
48000 out of 203100 tasks done at 7419.30 secs
48100 out of 203100 tasks done at 7435.45 secs
48200 out of 203100 tasks done at 7450.71 secs
48300 out of 203100 tasks done at 7464.08 secs
48400 out of 203100 tasks done at 7479.84 secs
48500 out of 203100 tasks done at 7494.33 secs
48600 out of 203100 tasks done at 7509.99 secs
48700 out of 203100 tasks done at 7527.25 secs
48800 out of 203100 tasks done at 7565.80 secs
48900 out of 203100 tasks done at 7581.61 secs
49000 out of 203100 tasks done at 7598.33 secs
49100 out of 203100 tasks done at 7614.00 secs
49200 out of 203100 tasks done at 7627.82 secs
49300 out of 203100 tasks done at 7642.76 secs
49400 out of 203100 tasks done at 7659.58 secs
49500 out of 203100 tasks done at 7673.42 secs
49600 out of 203100 tasks done at 7688.48 secs
49700 out of 203100 tasks done at 7705.34 secs
49800 out of 203100 tasks done at 7721.33 secs
49900 out of 203100 tasks done at 7740.84 secs
50000 out of 203100 tasks done at 7759.73 secs
50100 out of 203100 tasks done at 7774.73 secs
50200 out of 203100 tasks done at 7790.95 secs
50300 out of 203100 tasks done at 7806.62 secs
50400 out of 203100 tasks done at 7820.45 secs
50500 out of 203100 tasks done at 7836.56 secs
50600 out of 203100 tasks done at 7851.26 secs
50700 out of 203100 tasks done at 7867.98 secs
50800 out of 203100 tasks done at 7882.53 secs
50900 out of 203100 tasks done at 7897.51 secs
51000 out of 203100 tasks done at 7915.69 secs
51100 out of 203100 tasks done at 7929.54 secs
51200 out of 203100 tasks done at 7945.77 secs
51300 out of 203100 tasks done at 7962.30 secs
51400 out of 203100 tasks done at 7979.62 secs
51500 out of 203100 tasks done at 7996.81 secs
51600 out of 203100 tasks done at 8012.03 secs
51700 out of 203100 tasks done at 8030.11 secs
51800 out of 203100 tasks done at 8046.17 secs
51900 out of 203100 tasks done at 8063.51 secs
52000 out of 203100 tasks done at 8079.63 secs
52100 out of 203100 tasks done at 8095.14 secs
52200 out of 203100 tasks done at 8109.42 secs
52300 out of 203100 tasks done at 8126.14 secs
52400 out of 203100 tasks done at 8139.57 secs
52500 out of 203100 tasks done at 8154.44 secs
52600 out of 203100 tasks done at 8171.17 secs
52700 out of 203100 tasks done at 8188.51 secs
52800 out of 203100 tasks done at 8203.02 secs
52900 out of 203100 tasks done at 8219.54 secs
53000 out of 203100 tasks done at 8233.39 secs
53100 out of 203100 tasks done at 8246.93 secs
53200 out of 203100 tasks done at 8262.03 secs
53300 out of 203100 tasks done at 8276.26 secs
53400 out of 203100 tasks done at 8290.00 secs
53500 out of 203100 tasks done at 8304.83 secs
53600 out of 203100 tasks done at 8322.37 secs
53700 out of 203100 tasks done at 8338.06 secs
53800 out of 203100 tasks done at 8354.72 secs
53900 out of 203100 tasks done at 8370.31 secs
54000 out of 203100 tasks done at 8386.84 secs
54100 out of 203100 tasks done at 8402.26 secs
54200 out of 203100 tasks done at 8416.48 secs
54300 out of 203100 tasks done at 8432.29 secs
54400 out of 203100 tasks done at 8447.23 secs
54500 out of 203100 tasks done at 8461.80 secs
54600 out of 203100 tasks done at 8478.71 secs
54700 out of 203100 tasks done at 8492.08 secs
54800 out of 203100 tasks done at 8509.74 secs
54900 out of 203100 tasks done at 8524.31 secs
55000 out of 203100 tasks done at 8538.50 secs
55100 out of 203100 tasks done at 8553.04 secs
55200 out of 203100 tasks done at 8568.55 secs
55300 out of 203100 tasks done at 8585.04 secs
55400 out of 203100 tasks done at 8601.05 secs
55500 out of 203100 tasks done at 8617.19 secs
55600 out of 203100 tasks done at 8632.86 secs
55700 out of 203100 tasks done at 8649.47 secs
55800 out of 203100 tasks done at 8663.39 secs
55900 out of 203100 tasks done at 8679.53 secs
56000 out of 203100 tasks done at 8699.14 secs
56100 out of 203100 tasks done at 8716.15 secs
56200 out of 203100 tasks done at 8734.01 secs
56300 out of 203100 tasks done at 8749.46 secs
56400 out of 203100 tasks done at 8762.76 secs
56500 out of 203100 tasks done at 8777.91 secs
56600 out of 203100 tasks done at 8792.39 secs
56700 out of 203100 tasks done at 8807.56 secs
56800 out of 203100 tasks done at 8823.33 secs
56900 out of 203100 tasks done at 8837.46 secs
57000 out of 203100 tasks done at 8853.95 secs
57100 out of 203100 tasks done at 8866.81 secs
57200 out of 203100 tasks done at 8881.44 secs
57300 out of 203100 tasks done at 8895.58 secs
57400 out of 203100 tasks done at 8909.38 secs
57500 out of 203100 tasks done at 8924.26 secs
57600 out of 203100 tasks done at 8938.78 secs
57700 out of 203100 tasks done at 8952.54 secs
57800 out of 203100 tasks done at 8967.96 secs
57900 out of 203100 tasks done at 8983.65 secs
58000 out of 203100 tasks done at 9000.09 secs
58100 out of 203100 tasks done at 9016.31 secs
58200 out of 203100 tasks done at 9032.38 secs
58300 out of 203100 tasks done at 9049.55 secs
58400 out of 203100 tasks done at 9064.17 secs
58500 out of 203100 tasks done at 9078.12 secs
58600 out of 203100 tasks done at 9096.52 secs
58700 out of 203100 tasks done at 9110.97 secs
58800 out of 203100 tasks done at 9125.37 secs
58900 out of 203100 tasks done at 9141.84 secs
59000 out of 203100 tasks done at 9157.92 secs
59100 out of 203100 tasks done at 9177.33 secs
59200 out of 203100 tasks done at 9192.77 secs
59300 out of 203100 tasks done at 9209.23 secs
59400 out of 203100 tasks done at 9225.18 secs
59500 out of 203100 tasks done at 9239.19 secs
59600 out of 203100 tasks done at 9254.57 secs
59700 out of 203100 tasks done at 9270.47 secs
59800 out of 203100 tasks done at 9285.33 secs
59900 out of 203100 tasks done at 9299.70 secs
60000 out of 203100 tasks done at 9315.94 secs
60100 out of 203100 tasks done at 9331.69 secs
60200 out of 203100 tasks done at 9345.41 secs
60300 out of 203100 tasks done at 9359.72 secs
60400 out of 203100 tasks done at 9374.51 secs
60500 out of 203100 tasks done at 9388.92 secs
60600 out of 203100 tasks done at 9404.18 secs
60700 out of 203100 tasks done at 9418.68 secs
60800 out of 203100 tasks done at 9434.16 secs
60900 out of 203100 tasks done at 9448.84 secs
61000 out of 203100 tasks done at 9462.48 secs
61100 out of 203100 tasks done at 9478.19 secs
61200 out of 203100 tasks done at 9494.83 secs
61300 out of 203100 tasks done at 9509.74 secs
61400 out of 203100 tasks done at 9523.83 secs
61500 out of 203100 tasks done at 9538.04 secs
61600 out of 203100 tasks done at 9552.81 secs
61700 out of 203100 tasks done at 9567.83 secs
61800 out of 203100 tasks done at 9583.47 secs
61900 out of 203100 tasks done at 9600.05 secs
62000 out of 203100 tasks done at 9613.88 secs
62100 out of 203100 tasks done at 9627.15 secs
62200 out of 203100 tasks done at 9641.13 secs
62300 out of 203100 tasks done at 9656.80 secs
62400 out of 203100 tasks done at 9671.53 secs
62500 out of 203100 tasks done at 9686.04 secs
62600 out of 203100 tasks done at 9700.78 secs
62700 out of 203100 tasks done at 9714.48 secs
62800 out of 203100 tasks done at 9729.17 secs
62900 out of 203100 tasks done at 9744.55 secs
63000 out of 203100 tasks done at 9757.95 secs
63100 out of 203100 tasks done at 9773.39 secs
63200 out of 203100 tasks done at 9787.11 secs
63300 out of 203100 tasks done at 9802.16 secs
63400 out of 203100 tasks done at 9817.80 secs
63500 out of 203100 tasks done at 9833.76 secs
63600 out of 203100 tasks done at 9846.30 secs
63700 out of 203100 tasks done at 9861.01 secs
63800 out of 203100 tasks done at 9876.35 secs
63900 out of 203100 tasks done at 9891.87 secs
64000 out of 203100 tasks done at 9911.19 secs
64100 out of 203100 tasks done at 9925.61 secs
64200 out of 203100 tasks done at 9940.79 secs
64300 out of 203100 tasks done at 9959.44 secs
64400 out of 203100 tasks done at 9974.81 secs
64500 out of 203100 tasks done at 9992.07 secs
64600 out of 203100 tasks done at 10007.51 secs
64700 out of 203100 tasks done at 10022.28 secs
64800 out of 203100 tasks done at 10038.27 secs
64900 out of 203100 tasks done at 10054.13 secs
65000 out of 203100 tasks done at 10067.61 secs
65100 out of 203100 tasks done at 10084.23 secs
65200 out of 203100 tasks done at 10100.20 secs
65300 out of 203100 tasks done at 10114.61 secs
65400 out of 203100 tasks done at 10129.64 secs
65500 out of 203100 tasks done at 10143.29 secs
65600 out of 203100 tasks done at 10157.54 secs
65700 out of 203100 tasks done at 10170.84 secs
65800 out of 203100 tasks done at 10187.83 secs
65900 out of 203100 tasks done at 10203.06 secs
66000 out of 203100 tasks done at 10217.10 secs
66100 out of 203100 tasks done at 10231.36 secs
66200 out of 203100 tasks done at 10245.97 secs
66300 out of 203100 tasks done at 10282.33 secs
66400 out of 203100 tasks done at 10296.84 secs
66500 out of 203100 tasks done at 10313.16 secs
66600 out of 203100 tasks done at 10328.56 secs
66700 out of 203100 tasks done at 10341.61 secs
66800 out of 203100 tasks done at 10356.25 secs
66900 out of 203100 tasks done at 10371.34 secs
67000 out of 203100 tasks done at 10387.67 secs
67100 out of 203100 tasks done at 10405.07 secs
67200 out of 203100 tasks done at 10419.90 secs
67300 out of 203100 tasks done at 10435.20 secs
67400 out of 203100 tasks done at 10451.42 secs
67500 out of 203100 tasks done at 10466.84 secs
67600 out of 203100 tasks done at 10483.69 secs
67700 out of 203100 tasks done at 10498.59 secs
67800 out of 203100 tasks done at 10515.35 secs
67900 out of 203100 tasks done at 10529.87 secs
68000 out of 203100 tasks done at 10546.56 secs
68100 out of 203100 tasks done at 10561.32 secs
68200 out of 203100 tasks done at 10578.87 secs
68300 out of 203100 tasks done at 10594.06 secs
68400 out of 203100 tasks done at 10608.88 secs
68500 out of 203100 tasks done at 10623.53 secs
68600 out of 203100 tasks done at 10640.90 secs
68700 out of 203100 tasks done at 10658.48 secs
68800 out of 203100 tasks done at 10673.85 secs
68900 out of 203100 tasks done at 10690.28 secs
69000 out of 203100 tasks done at 10705.35 secs
69100 out of 203100 tasks done at 10720.84 secs
69200 out of 203100 tasks done at 10734.03 secs
69300 out of 203100 tasks done at 10747.42 secs
69400 out of 203100 tasks done at 10762.99 secs
69500 out of 203100 tasks done at 10777.68 secs
69600 out of 203100 tasks done at 10792.35 secs
69700 out of 203100 tasks done at 10806.41 secs
69800 out of 203100 tasks done at 10821.40 secs
69900 out of 203100 tasks done at 10836.84 secs
70000 out of 203100 tasks done at 10851.38 secs
70100 out of 203100 tasks done at 10868.33 secs
70200 out of 203100 tasks done at 10884.44 secs
70300 out of 203100 tasks done at 10898.25 secs
70400 out of 203100 tasks done at 10913.93 secs
70500 out of 203100 tasks done at 10929.68 secs
70600 out of 203100 tasks done at 10944.11 secs
70700 out of 203100 tasks done at 10959.61 secs
70800 out of 203100 tasks done at 10974.40 secs
70900 out of 203100 tasks done at 10992.19 secs
71000 out of 203100 tasks done at 11006.60 secs
71100 out of 203100 tasks done at 11021.86 secs
71200 out of 203100 tasks done at 11036.23 secs
71300 out of 203100 tasks done at 11053.88 secs
71400 out of 203100 tasks done at 11069.44 secs
71500 out of 203100 tasks done at 11086.19 secs
71600 out of 203100 tasks done at 11102.18 secs
71700 out of 203100 tasks done at 11116.92 secs
71800 out of 203100 tasks done at 11134.26 secs
71900 out of 203100 tasks done at 11151.33 secs
72000 out of 203100 tasks done at 11168.17 secs
72100 out of 203100 tasks done at 11182.36 secs
72200 out of 203100 tasks done at 11196.80 secs
72300 out of 203100 tasks done at 11210.88 secs
72400 out of 203100 tasks done at 11225.57 secs
72500 out of 203100 tasks done at 11242.87 secs
72600 out of 203100 tasks done at 11261.39 secs
72700 out of 203100 tasks done at 11274.22 secs
72800 out of 203100 tasks done at 11291.26 secs
72900 out of 203100 tasks done at 11308.93 secs
73000 out of 203100 tasks done at 11327.21 secs
73100 out of 203100 tasks done at 11341.56 secs
73200 out of 203100 tasks done at 11357.36 secs
73300 out of 203100 tasks done at 11373.09 secs
73400 out of 203100 tasks done at 11390.35 secs
73500 out of 203100 tasks done at 11406.26 secs
73600 out of 203100 tasks done at 11423.73 secs
73700 out of 203100 tasks done at 11437.64 secs
73800 out of 203100 tasks done at 11453.61 secs
73900 out of 203100 tasks done at 11466.97 secs
74000 out of 203100 tasks done at 11485.30 secs
74100 out of 203100 tasks done at 11501.72 secs
74200 out of 203100 tasks done at 11517.55 secs
74300 out of 203100 tasks done at 11533.66 secs
74400 out of 203100 tasks done at 11549.12 secs
74500 out of 203100 tasks done at 11566.01 secs
74600 out of 203100 tasks done at 11580.31 secs
74700 out of 203100 tasks done at 11595.03 secs
74800 out of 203100 tasks done at 11611.81 secs
74900 out of 203100 tasks done at 11627.13 secs
75000 out of 203100 tasks done at 11643.59 secs
75100 out of 203100 tasks done at 11658.54 secs
75200 out of 203100 tasks done at 11673.31 secs
75300 out of 203100 tasks done at 11688.19 secs
75400 out of 203100 tasks done at 11702.32 secs
75500 out of 203100 tasks done at 11720.34 secs
75600 out of 203100 tasks done at 11735.93 secs
75700 out of 203100 tasks done at 11752.41 secs
75800 out of 203100 tasks done at 11765.32 secs
75900 out of 203100 tasks done at 11779.81 secs
76000 out of 203100 tasks done at 11795.61 secs
76100 out of 203100 tasks done at 11809.87 secs
76200 out of 203100 tasks done at 11826.29 secs
76300 out of 203100 tasks done at 11840.27 secs
76400 out of 203100 tasks done at 11854.45 secs
76500 out of 203100 tasks done at 11868.42 secs
76600 out of 203100 tasks done at 11882.74 secs
76700 out of 203100 tasks done at 11898.15 secs
76800 out of 203100 tasks done at 11911.52 secs
76900 out of 203100 tasks done at 11926.74 secs
77000 out of 203100 tasks done at 11940.19 secs
77100 out of 203100 tasks done at 11956.91 secs
77200 out of 203100 tasks done at 11973.80 secs
77300 out of 203100 tasks done at 11991.17 secs
77400 out of 203100 tasks done at 12007.94 secs
77500 out of 203100 tasks done at 12023.74 secs
77600 out of 203100 tasks done at 12041.26 secs
77700 out of 203100 tasks done at 12053.94 secs
77800 out of 203100 tasks done at 12068.16 secs
77900 out of 203100 tasks done at 12085.55 secs
78000 out of 203100 tasks done at 12100.81 secs
78100 out of 203100 tasks done at 12116.32 secs
78200 out of 203100 tasks done at 12130.35 secs
78300 out of 203100 tasks done at 12145.78 secs
78400 out of 203100 tasks done at 12159.58 secs
78500 out of 203100 tasks done at 12175.20 secs
78600 out of 203100 tasks done at 12190.57 secs
78700 out of 203100 tasks done at 12204.85 secs
78800 out of 203100 tasks done at 12219.81 secs
78900 out of 203100 tasks done at 12238.17 secs
79000 out of 203100 tasks done at 12250.67 secs
79100 out of 203100 tasks done at 12264.65 secs
79200 out of 203100 tasks done at 12280.14 secs
79300 out of 203100 tasks done at 12296.08 secs
79400 out of 203100 tasks done at 12310.75 secs
79500 out of 203100 tasks done at 12326.68 secs
79600 out of 203100 tasks done at 12340.64 secs
79700 out of 203100 tasks done at 12357.92 secs
79800 out of 203100 tasks done at 12372.24 secs
79900 out of 203100 tasks done at 12386.78 secs
80000 out of 203100 tasks done at 12401.35 secs
80100 out of 203100 tasks done at 12414.04 secs
80200 out of 203100 tasks done at 12430.05 secs
80300 out of 203100 tasks done at 12446.41 secs
80400 out of 203100 tasks done at 12459.61 secs
80500 out of 203100 tasks done at 12476.85 secs
80600 out of 203100 tasks done at 12493.27 secs
80700 out of 203100 tasks done at 12507.97 secs
80800 out of 203100 tasks done at 12524.40 secs
80900 out of 203100 tasks done at 12538.96 secs
81000 out of 203100 tasks done at 12555.04 secs
81100 out of 203100 tasks done at 12571.23 secs
81200 out of 203100 tasks done at 12586.44 secs
81300 out of 203100 tasks done at 12601.03 secs
81400 out of 203100 tasks done at 12617.21 secs
81500 out of 203100 tasks done at 12633.37 secs
81600 out of 203100 tasks done at 12646.29 secs
81700 out of 203100 tasks done at 12664.18 secs
81800 out of 203100 tasks done at 12677.35 secs
81900 out of 203100 tasks done at 12689.53 secs
82000 out of 203100 tasks done at 12704.54 secs
82100 out of 203100 tasks done at 12720.19 secs
82200 out of 203100 tasks done at 12736.66 secs
82300 out of 203100 tasks done at 12751.14 secs
82400 out of 203100 tasks done at 12763.98 secs
82500 out of 203100 tasks done at 12779.77 secs
82600 out of 203100 tasks done at 12796.69 secs
82700 out of 203100 tasks done at 12814.53 secs
82800 out of 203100 tasks done at 12830.45 secs
82900 out of 203100 tasks done at 12846.53 secs
83000 out of 203100 tasks done at 12861.57 secs
83100 out of 203100 tasks done at 12877.93 secs
83200 out of 203100 tasks done at 12895.98 secs
83300 out of 203100 tasks done at 12909.32 secs
83400 out of 203100 tasks done at 12927.86 secs
83500 out of 203100 tasks done at 12942.68 secs
83600 out of 203100 tasks done at 12958.82 secs
83700 out of 203100 tasks done at 12972.87 secs
83800 out of 203100 tasks done at 12989.58 secs
83900 out of 203100 tasks done at 13004.59 secs
84000 out of 203100 tasks done at 13018.41 secs
84100 out of 203100 tasks done at 13034.80 secs
84200 out of 203100 tasks done at 13049.79 secs
84300 out of 203100 tasks done at 13064.71 secs
84400 out of 203100 tasks done at 13077.50 secs
84500 out of 203100 tasks done at 13092.46 secs
84600 out of 203100 tasks done at 13107.01 secs
84700 out of 203100 tasks done at 13122.60 secs
84800 out of 203100 tasks done at 13138.80 secs
84900 out of 203100 tasks done at 13154.07 secs
85000 out of 203100 tasks done at 13168.20 secs
85100 out of 203100 tasks done at 13184.79 secs
85200 out of 203100 tasks done at 13201.90 secs
85300 out of 203100 tasks done at 13217.46 secs
85400 out of 203100 tasks done at 13232.79 secs
85500 out of 203100 tasks done at 13246.94 secs
85600 out of 203100 tasks done at 13262.41 secs
85700 out of 203100 tasks done at 13278.43 secs
85800 out of 203100 tasks done at 13295.60 secs
85900 out of 203100 tasks done at 13311.18 secs
86000 out of 203100 tasks done at 13323.77 secs
86100 out of 203100 tasks done at 13341.97 secs
86200 out of 203100 tasks done at 13360.20 secs
86300 out of 203100 tasks done at 13375.71 secs
86400 out of 203100 tasks done at 13392.72 secs
86500 out of 203100 tasks done at 13410.37 secs
86600 out of 203100 tasks done at 13426.03 secs
86700 out of 203100 tasks done at 13443.78 secs
86800 out of 203100 tasks done at 13460.73 secs
86900 out of 203100 tasks done at 13479.35 secs
87000 out of 203100 tasks done at 13497.32 secs
87100 out of 203100 tasks done at 13514.42 secs
87200 out of 203100 tasks done at 13529.62 secs
87300 out of 203100 tasks done at 13548.36 secs
87400 out of 203100 tasks done at 13565.25 secs
87500 out of 203100 tasks done at 13582.76 secs
87600 out of 203100 tasks done at 13599.86 secs
87700 out of 203100 tasks done at 13619.01 secs
87800 out of 203100 tasks done at 13632.48 secs
87900 out of 203100 tasks done at 13645.82 secs
88000 out of 203100 tasks done at 13662.96 secs
88100 out of 203100 tasks done at 13681.31 secs
88200 out of 203100 tasks done at 13695.19 secs
88300 out of 203100 tasks done at 13709.77 secs
88400 out of 203100 tasks done at 13723.48 secs
88500 out of 203100 tasks done at 13738.40 secs
88600 out of 203100 tasks done at 13751.92 secs
88700 out of 203100 tasks done at 13768.92 secs
88800 out of 203100 tasks done at 13783.41 secs
88900 out of 203100 tasks done at 13798.85 secs
89000 out of 203100 tasks done at 13812.32 secs
89100 out of 203100 tasks done at 13829.20 secs
89200 out of 203100 tasks done at 13848.19 secs
89300 out of 203100 tasks done at 13863.12 secs
89400 out of 203100 tasks done at 13879.67 secs
89500 out of 203100 tasks done at 13896.12 secs
89600 out of 203100 tasks done at 13912.57 secs
89700 out of 203100 tasks done at 13928.42 secs
89800 out of 203100 tasks done at 13945.46 secs
89900 out of 203100 tasks done at 13964.14 secs
90000 out of 203100 tasks done at 13982.88 secs
90100 out of 203100 tasks done at 14000.05 secs
90200 out of 203100 tasks done at 14016.38 secs
90300 out of 203100 tasks done at 14031.81 secs
90400 out of 203100 tasks done at 14048.23 secs
90500 out of 203100 tasks done at 14063.23 secs
90600 out of 203100 tasks done at 14081.42 secs
90700 out of 203100 tasks done at 14098.32 secs
90800 out of 203100 tasks done at 14116.44 secs
90900 out of 203100 tasks done at 14131.72 secs
91000 out of 203100 tasks done at 14148.42 secs
91100 out of 203100 tasks done at 14166.10 secs
91200 out of 203100 tasks done at 14179.48 secs
91300 out of 203100 tasks done at 14194.94 secs
91400 out of 203100 tasks done at 14212.31 secs
91500 out of 203100 tasks done at 14230.54 secs
91600 out of 203100 tasks done at 14247.90 secs
91700 out of 203100 tasks done at 14266.57 secs
91800 out of 203100 tasks done at 14283.47 secs
91900 out of 203100 tasks done at 14301.14 secs
92000 out of 203100 tasks done at 14337.54 secs
92100 out of 203100 tasks done at 14356.01 secs
92200 out of 203100 tasks done at 14372.26 secs
92300 out of 203100 tasks done at 14388.45 secs
92400 out of 203100 tasks done at 14404.02 secs
92500 out of 203100 tasks done at 14419.13 secs
92600 out of 203100 tasks done at 14435.67 secs
92700 out of 203100 tasks done at 14451.31 secs
92800 out of 203100 tasks done at 14467.33 secs
92900 out of 203100 tasks done at 14485.83 secs
93000 out of 203100 tasks done at 14503.50 secs
93100 out of 203100 tasks done at 14521.91 secs
93200 out of 203100 tasks done at 14540.46 secs
93300 out of 203100 tasks done at 14556.66 secs
93400 out of 203100 tasks done at 14572.00 secs
93500 out of 203100 tasks done at 14585.79 secs
93600 out of 203100 tasks done at 14602.06 secs
93700 out of 203100 tasks done at 14618.15 secs
93800 out of 203100 tasks done at 14633.19 secs
93900 out of 203100 tasks done at 14648.25 secs
94000 out of 203100 tasks done at 14665.02 secs
94100 out of 203100 tasks done at 14679.18 secs
94200 out of 203100 tasks done at 14693.54 secs
94300 out of 203100 tasks done at 14709.02 secs
94400 out of 203100 tasks done at 14742.53 secs
94500 out of 203100 tasks done at 14756.76 secs
94600 out of 203100 tasks done at 14773.18 secs
94700 out of 203100 tasks done at 14786.66 secs
94800 out of 203100 tasks done at 14802.88 secs
94900 out of 203100 tasks done at 14818.24 secs
95000 out of 203100 tasks done at 14835.46 secs
95100 out of 203100 tasks done at 14851.41 secs
95200 out of 203100 tasks done at 14868.60 secs
95300 out of 203100 tasks done at 14883.93 secs
95400 out of 203100 tasks done at 14900.96 secs
95500 out of 203100 tasks done at 14916.31 secs
95600 out of 203100 tasks done at 14932.91 secs
95700 out of 203100 tasks done at 14945.55 secs
95800 out of 203100 tasks done at 14959.96 secs
95900 out of 203100 tasks done at 14977.14 secs
96000 out of 203100 tasks done at 14992.27 secs
96100 out of 203100 tasks done at 15009.10 secs
96200 out of 203100 tasks done at 15025.73 secs
96300 out of 203100 tasks done at 15040.15 secs
96400 out of 203100 tasks done at 15055.07 secs
96500 out of 203100 tasks done at 15072.60 secs
96600 out of 203100 tasks done at 15090.68 secs
96700 out of 203100 tasks done at 15106.09 secs
96800 out of 203100 tasks done at 15123.66 secs
96900 out of 203100 tasks done at 15140.35 secs
97000 out of 203100 tasks done at 15153.63 secs
97100 out of 203100 tasks done at 15169.25 secs
97200 out of 203100 tasks done at 15184.06 secs
97300 out of 203100 tasks done at 15199.22 secs
97400 out of 203100 tasks done at 15215.46 secs
97500 out of 203100 tasks done at 15230.41 secs
97600 out of 203100 tasks done at 15247.67 secs
97700 out of 203100 tasks done at 15265.92 secs
97800 out of 203100 tasks done at 15281.04 secs
97900 out of 203100 tasks done at 15296.95 secs
98000 out of 203100 tasks done at 15311.95 secs
98100 out of 203100 tasks done at 15326.52 secs
98200 out of 203100 tasks done at 15341.52 secs
98300 out of 203100 tasks done at 15356.31 secs
98400 out of 203100 tasks done at 15373.23 secs
98500 out of 203100 tasks done at 15387.17 secs
98600 out of 203100 tasks done at 15401.76 secs
98700 out of 203100 tasks done at 15418.54 secs
98800 out of 203100 tasks done at 15432.58 secs
98900 out of 203100 tasks done at 15447.61 secs
99000 out of 203100 tasks done at 15466.87 secs
99100 out of 203100 tasks done at 15481.83 secs
99200 out of 203100 tasks done at 15500.38 secs
99300 out of 203100 tasks done at 15517.60 secs
99400 out of 203100 tasks done at 15533.06 secs
99500 out of 203100 tasks done at 15548.35 secs
99600 out of 203100 tasks done at 15563.17 secs
99700 out of 203100 tasks done at 15577.48 secs
99800 out of 203100 tasks done at 15595.77 secs
99900 out of 203100 tasks done at 15610.90 secs
100000 out of 203100 tasks done at 15627.33 secs
100100 out of 203100 tasks done at 15642.78 secs
100200 out of 203100 tasks done at 15658.21 secs
100300 out of 203100 tasks done at 15675.57 secs
100400 out of 203100 tasks done at 15690.66 secs
100500 out of 203100 tasks done at 15706.06 secs
100600 out of 203100 tasks done at 15720.10 secs
100700 out of 203100 tasks done at 15734.42 secs
100800 out of 203100 tasks done at 15748.68 secs
100900 out of 203100 tasks done at 15761.75 secs
101000 out of 203100 tasks done at 15776.68 secs
101100 out of 203100 tasks done at 15793.00 secs
101200 out of 203100 tasks done at 15807.95 secs
101300 out of 203100 tasks done at 15822.99 secs
101400 out of 203100 tasks done at 15837.65 secs
101500 out of 203100 tasks done at 15853.83 secs
101600 out of 203100 tasks done at 15869.30 secs
101700 out of 203100 tasks done at 15884.47 secs
101800 out of 203100 tasks done at 15898.66 secs
101900 out of 203100 tasks done at 15916.36 secs
102000 out of 203100 tasks done at 15931.89 secs
102100 out of 203100 tasks done at 15948.73 secs
102200 out of 203100 tasks done at 15963.20 secs
102300 out of 203100 tasks done at 15978.42 secs
102400 out of 203100 tasks done at 15992.31 secs
102500 out of 203100 tasks done at 16008.25 secs
102600 out of 203100 tasks done at 16025.87 secs
102700 out of 203100 tasks done at 16042.44 secs
102800 out of 203100 tasks done at 16059.84 secs
102900 out of 203100 tasks done at 16078.17 secs
103000 out of 203100 tasks done at 16091.96 secs
103100 out of 203100 tasks done at 16108.95 secs
103200 out of 203100 tasks done at 16127.63 secs
103300 out of 203100 tasks done at 16143.89 secs
103400 out of 203100 tasks done at 16158.70 secs
103500 out of 203100 tasks done at 16175.43 secs
103600 out of 203100 tasks done at 16189.63 secs
103700 out of 203100 tasks done at 16206.52 secs
103800 out of 203100 tasks done at 16220.60 secs
103900 out of 203100 tasks done at 16235.67 secs
104000 out of 203100 tasks done at 16252.06 secs
104100 out of 203100 tasks done at 16265.90 secs
104200 out of 203100 tasks done at 16281.07 secs
104300 out of 203100 tasks done at 16296.09 secs
104400 out of 203100 tasks done at 16312.40 secs
104500 out of 203100 tasks done at 16328.30 secs
104600 out of 203100 tasks done at 16346.68 secs
104700 out of 203100 tasks done at 16360.87 secs
104800 out of 203100 tasks done at 16376.41 secs
104900 out of 203100 tasks done at 16392.00 secs
105000 out of 203100 tasks done at 16407.16 secs
105100 out of 203100 tasks done at 16421.55 secs
105200 out of 203100 tasks done at 16436.55 secs
105300 out of 203100 tasks done at 16451.91 secs
105400 out of 203100 tasks done at 16466.50 secs
105500 out of 203100 tasks done at 16481.82 secs
105600 out of 203100 tasks done at 16497.94 secs
105700 out of 203100 tasks done at 16512.55 secs
105800 out of 203100 tasks done at 16526.43 secs
105900 out of 203100 tasks done at 16545.13 secs
106000 out of 203100 tasks done at 16560.67 secs
106100 out of 203100 tasks done at 16574.50 secs
106200 out of 203100 tasks done at 16589.47 secs
106300 out of 203100 tasks done at 16607.76 secs
106400 out of 203100 tasks done at 16622.15 secs
106500 out of 203100 tasks done at 16635.08 secs
106600 out of 203100 tasks done at 16649.35 secs
106700 out of 203100 tasks done at 16663.74 secs
106800 out of 203100 tasks done at 16679.13 secs
106900 out of 203100 tasks done at 16691.30 secs
107000 out of 203100 tasks done at 16704.99 secs
107100 out of 203100 tasks done at 16719.44 secs
107200 out of 203100 tasks done at 16734.74 secs
107300 out of 203100 tasks done at 16750.34 secs
107400 out of 203100 tasks done at 16766.26 secs
107500 out of 203100 tasks done at 16783.07 secs
107600 out of 203100 tasks done at 16798.54 secs
107700 out of 203100 tasks done at 16814.31 secs
107800 out of 203100 tasks done at 16831.26 secs
107900 out of 203100 tasks done at 16845.86 secs
108000 out of 203100 tasks done at 16863.63 secs
108100 out of 203100 tasks done at 16880.35 secs
108200 out of 203100 tasks done at 16895.70 secs
108300 out of 203100 tasks done at 16910.70 secs
108400 out of 203100 tasks done at 16926.21 secs
108500 out of 203100 tasks done at 16940.78 secs
108600 out of 203100 tasks done at 16957.91 secs
108700 out of 203100 tasks done at 16974.16 secs
108800 out of 203100 tasks done at 16989.72 secs
108900 out of 203100 tasks done at 17005.89 secs
109000 out of 203100 tasks done at 17021.77 secs
109100 out of 203100 tasks done at 17038.89 secs
109200 out of 203100 tasks done at 17052.82 secs
109300 out of 203100 tasks done at 17067.78 secs
109400 out of 203100 tasks done at 17080.86 secs
109500 out of 203100 tasks done at 17098.92 secs
109600 out of 203100 tasks done at 17117.22 secs
109700 out of 203100 tasks done at 17133.43 secs
109800 out of 203100 tasks done at 17153.33 secs
109900 out of 203100 tasks done at 17168.82 secs
110000 out of 203100 tasks done at 17184.19 secs
110100 out of 203100 tasks done at 17198.08 secs
110200 out of 203100 tasks done at 17214.46 secs
110300 out of 203100 tasks done at 17228.60 secs
110400 out of 203100 tasks done at 17244.53 secs
110500 out of 203100 tasks done at 17259.75 secs
110600 out of 203100 tasks done at 17273.58 secs
110700 out of 203100 tasks done at 17288.83 secs
110800 out of 203100 tasks done at 17304.63 secs
110900 out of 203100 tasks done at 17320.45 secs
111000 out of 203100 tasks done at 17334.59 secs
111100 out of 203100 tasks done at 17348.50 secs
111200 out of 203100 tasks done at 17364.55 secs
111300 out of 203100 tasks done at 17379.05 secs
111400 out of 203100 tasks done at 17394.21 secs
111500 out of 203100 tasks done at 17411.11 secs
111600 out of 203100 tasks done at 17425.41 secs
111700 out of 203100 tasks done at 17442.53 secs
111800 out of 203100 tasks done at 17457.44 secs
111900 out of 203100 tasks done at 17471.68 secs
112000 out of 203100 tasks done at 17489.78 secs
112100 out of 203100 tasks done at 17505.05 secs
112200 out of 203100 tasks done at 17522.17 secs
112300 out of 203100 tasks done at 17535.42 secs
112400 out of 203100 tasks done at 17549.84 secs
112500 out of 203100 tasks done at 17566.37 secs
112600 out of 203100 tasks done at 17582.39 secs
112700 out of 203100 tasks done at 17597.59 secs
112800 out of 203100 tasks done at 17613.29 secs
112900 out of 203100 tasks done at 17628.17 secs
113000 out of 203100 tasks done at 17643.19 secs
113100 out of 203100 tasks done at 17657.28 secs
113200 out of 203100 tasks done at 17673.13 secs
113300 out of 203100 tasks done at 17687.76 secs
113400 out of 203100 tasks done at 17702.80 secs
113500 out of 203100 tasks done at 17717.46 secs
113600 out of 203100 tasks done at 17733.77 secs
113700 out of 203100 tasks done at 17750.46 secs
113800 out of 203100 tasks done at 17764.37 secs
113900 out of 203100 tasks done at 17780.16 secs
114000 out of 203100 tasks done at 17794.37 secs
114100 out of 203100 tasks done at 17807.93 secs
114200 out of 203100 tasks done at 17822.14 secs
114300 out of 203100 tasks done at 17837.50 secs
114400 out of 203100 tasks done at 17851.91 secs
114500 out of 203100 tasks done at 17867.93 secs
114600 out of 203100 tasks done at 17883.11 secs
114700 out of 203100 tasks done at 17899.27 secs
114800 out of 203100 tasks done at 17914.37 secs
114900 out of 203100 tasks done at 17930.71 secs
115000 out of 203100 tasks done at 17946.27 secs
115100 out of 203100 tasks done at 17963.05 secs
115200 out of 203100 tasks done at 17979.42 secs
115300 out of 203100 tasks done at 17994.95 secs
115400 out of 203100 tasks done at 18010.71 secs
115500 out of 203100 tasks done at 18026.82 secs
115600 out of 203100 tasks done at 18041.68 secs
115700 out of 203100 tasks done at 18057.80 secs
115800 out of 203100 tasks done at 18073.79 secs
115900 out of 203100 tasks done at 18089.40 secs
116000 out of 203100 tasks done at 18103.82 secs
116100 out of 203100 tasks done at 18119.63 secs
116200 out of 203100 tasks done at 18136.06 secs
116300 out of 203100 tasks done at 18152.39 secs
116400 out of 203100 tasks done at 18165.38 secs
116500 out of 203100 tasks done at 18181.72 secs
116600 out of 203100 tasks done at 18196.27 secs
116700 out of 203100 tasks done at 18213.65 secs
116800 out of 203100 tasks done at 18229.14 secs
116900 out of 203100 tasks done at 18247.91 secs
117000 out of 203100 tasks done at 18261.06 secs
117100 out of 203100 tasks done at 18276.24 secs
117200 out of 203100 tasks done at 18291.49 secs
117300 out of 203100 tasks done at 18306.35 secs
117400 out of 203100 tasks done at 18322.64 secs
117500 out of 203100 tasks done at 18336.72 secs
117600 out of 203100 tasks done at 18351.54 secs
117700 out of 203100 tasks done at 18367.04 secs
117800 out of 203100 tasks done at 18384.15 secs
117900 out of 203100 tasks done at 18402.75 secs
118000 out of 203100 tasks done at 18419.72 secs
118100 out of 203100 tasks done at 18433.17 secs
118200 out of 203100 tasks done at 18447.02 secs
118300 out of 203100 tasks done at 18462.91 secs
118400 out of 203100 tasks done at 18498.90 secs
118500 out of 203100 tasks done at 18514.31 secs
118600 out of 203100 tasks done at 18530.46 secs
118700 out of 203100 tasks done at 18545.68 secs
118800 out of 203100 tasks done at 18560.37 secs
118900 out of 203100 tasks done at 18575.45 secs
119000 out of 203100 tasks done at 18591.78 secs
119100 out of 203100 tasks done at 18612.00 secs
119200 out of 203100 tasks done at 18624.37 secs
119300 out of 203100 tasks done at 18642.58 secs
119400 out of 203100 tasks done at 18657.11 secs
119500 out of 203100 tasks done at 18673.95 secs
119600 out of 203100 tasks done at 18689.41 secs
119700 out of 203100 tasks done at 18705.29 secs
119800 out of 203100 tasks done at 18721.13 secs
119900 out of 203100 tasks done at 18735.21 secs
120000 out of 203100 tasks done at 18750.89 secs
120100 out of 203100 tasks done at 18766.43 secs
120200 out of 203100 tasks done at 18783.25 secs
120300 out of 203100 tasks done at 18797.50 secs
120400 out of 203100 tasks done at 18812.55 secs
120500 out of 203100 tasks done at 18829.77 secs
120600 out of 203100 tasks done at 18845.96 secs
120700 out of 203100 tasks done at 18862.77 secs
120800 out of 203100 tasks done at 18877.40 secs
120900 out of 203100 tasks done at 18895.33 secs
121000 out of 203100 tasks done at 18911.91 secs
121100 out of 203100 tasks done at 18925.72 secs
121200 out of 203100 tasks done at 18943.08 secs
121300 out of 203100 tasks done at 18957.22 secs
121400 out of 203100 tasks done at 18974.90 secs
121500 out of 203100 tasks done at 18992.16 secs
121600 out of 203100 tasks done at 19009.89 secs
121700 out of 203100 tasks done at 19024.23 secs
121800 out of 203100 tasks done at 19041.16 secs
121900 out of 203100 tasks done at 19058.35 secs
122000 out of 203100 tasks done at 19075.40 secs
122100 out of 203100 tasks done at 19092.10 secs
122200 out of 203100 tasks done at 19106.37 secs
122300 out of 203100 tasks done at 19124.38 secs
122400 out of 203100 tasks done at 19141.16 secs
122500 out of 203100 tasks done at 19158.24 secs
122600 out of 203100 tasks done at 19173.25 secs
122700 out of 203100 tasks done at 19190.99 secs
122800 out of 203100 tasks done at 19207.91 secs
122900 out of 203100 tasks done at 19223.16 secs
123000 out of 203100 tasks done at 19240.70 secs
123100 out of 203100 tasks done at 19256.59 secs
123200 out of 203100 tasks done at 19270.80 secs
123300 out of 203100 tasks done at 19287.60 secs
123400 out of 203100 tasks done at 19302.81 secs
123500 out of 203100 tasks done at 19319.18 secs
123600 out of 203100 tasks done at 19334.33 secs
123700 out of 203100 tasks done at 19349.72 secs
123800 out of 203100 tasks done at 19365.84 secs
123900 out of 203100 tasks done at 19382.58 secs
124000 out of 203100 tasks done at 19398.42 secs
124100 out of 203100 tasks done at 19411.96 secs
124200 out of 203100 tasks done at 19426.97 secs
124300 out of 203100 tasks done at 19442.20 secs
124400 out of 203100 tasks done at 19456.65 secs
124500 out of 203100 tasks done at 19470.58 secs
124600 out of 203100 tasks done at 19484.82 secs
124700 out of 203100 tasks done at 19500.11 secs
124800 out of 203100 tasks done at 19517.37 secs
124900 out of 203100 tasks done at 19535.84 secs
125000 out of 203100 tasks done at 19552.11 secs
125100 out of 203100 tasks done at 19569.62 secs
125200 out of 203100 tasks done at 19585.94 secs
125300 out of 203100 tasks done at 19601.11 secs
125400 out of 203100 tasks done at 19617.30 secs
125500 out of 203100 tasks done at 19633.34 secs
125600 out of 203100 tasks done at 19650.92 secs
125700 out of 203100 tasks done at 19668.90 secs
125800 out of 203100 tasks done at 19683.15 secs
125900 out of 203100 tasks done at 19697.14 secs
126000 out of 203100 tasks done at 19710.16 secs
126100 out of 203100 tasks done at 19726.56 secs
126200 out of 203100 tasks done at 19742.72 secs
126300 out of 203100 tasks done at 19757.22 secs
126400 out of 203100 tasks done at 19773.91 secs
126500 out of 203100 tasks done at 19788.60 secs
126600 out of 203100 tasks done at 19801.84 secs
126700 out of 203100 tasks done at 19815.71 secs
126800 out of 203100 tasks done at 19832.83 secs
126900 out of 203100 tasks done at 19848.51 secs
127000 out of 203100 tasks done at 19862.38 secs
127100 out of 203100 tasks done at 19877.61 secs
127200 out of 203100 tasks done at 19893.66 secs
127300 out of 203100 tasks done at 19910.55 secs
127400 out of 203100 tasks done at 19928.17 secs
127500 out of 203100 tasks done at 19945.32 secs
127600 out of 203100 tasks done at 19961.19 secs
127700 out of 203100 tasks done at 19976.19 secs
127800 out of 203100 tasks done at 19991.40 secs
127900 out of 203100 tasks done at 20007.31 secs
128000 out of 203100 tasks done at 20022.85 secs
128100 out of 203100 tasks done at 20038.41 secs
128200 out of 203100 tasks done at 20052.97 secs
128300 out of 203100 tasks done at 20069.94 secs
128400 out of 203100 tasks done at 20085.97 secs
128500 out of 203100 tasks done at 20104.03 secs
128600 out of 203100 tasks done at 20120.30 secs
128700 out of 203100 tasks done at 20136.33 secs
128800 out of 203100 tasks done at 20150.70 secs
128900 out of 203100 tasks done at 20166.58 secs
129000 out of 203100 tasks done at 20183.35 secs
129100 out of 203100 tasks done at 20200.77 secs
129200 out of 203100 tasks done at 20215.98 secs
129300 out of 203100 tasks done at 20234.59 secs
129400 out of 203100 tasks done at 20250.13 secs
129500 out of 203100 tasks done at 20264.38 secs
129600 out of 203100 tasks done at 20283.71 secs
129700 out of 203100 tasks done at 20298.30 secs
129800 out of 203100 tasks done at 20314.07 secs
129900 out of 203100 tasks done at 20333.68 secs
130000 out of 203100 tasks done at 20350.84 secs
130100 out of 203100 tasks done at 20367.96 secs
130200 out of 203100 tasks done at 20383.58 secs
130300 out of 203100 tasks done at 20399.10 secs
130400 out of 203100 tasks done at 20415.94 secs
130500 out of 203100 tasks done at 20431.79 secs
130600 out of 203100 tasks done at 20446.67 secs
130700 out of 203100 tasks done at 20461.55 secs
130800 out of 203100 tasks done at 20475.48 secs
130900 out of 203100 tasks done at 20491.04 secs
131000 out of 203100 tasks done at 20506.98 secs
131100 out of 203100 tasks done at 20522.18 secs
131200 out of 203100 tasks done at 20537.23 secs
131300 out of 203100 tasks done at 20554.17 secs
131400 out of 203100 tasks done at 20568.28 secs
131500 out of 203100 tasks done at 20582.31 secs
131600 out of 203100 tasks done at 20598.17 secs
131700 out of 203100 tasks done at 20613.85 secs
131800 out of 203100 tasks done at 20629.90 secs
131900 out of 203100 tasks done at 20649.86 secs
132000 out of 203100 tasks done at 20666.69 secs
132100 out of 203100 tasks done at 20682.72 secs
132200 out of 203100 tasks done at 20696.34 secs
132300 out of 203100 tasks done at 20715.04 secs
132400 out of 203100 tasks done at 20729.90 secs
132500 out of 203100 tasks done at 20746.85 secs
132600 out of 203100 tasks done at 20763.63 secs
132700 out of 203100 tasks done at 20779.98 secs
132800 out of 203100 tasks done at 20793.64 secs
132900 out of 203100 tasks done at 20809.87 secs
133000 out of 203100 tasks done at 20825.25 secs
133100 out of 203100 tasks done at 20838.50 secs
133200 out of 203100 tasks done at 20853.43 secs
133300 out of 203100 tasks done at 20871.37 secs
133400 out of 203100 tasks done at 20886.12 secs
133500 out of 203100 tasks done at 20901.19 secs
133600 out of 203100 tasks done at 20917.52 secs
133700 out of 203100 tasks done at 20932.47 secs
133800 out of 203100 tasks done at 20945.02 secs
133900 out of 203100 tasks done at 20959.63 secs
134000 out of 203100 tasks done at 20975.27 secs
134100 out of 203100 tasks done at 20990.03 secs
134200 out of 203100 tasks done at 21004.96 secs
134300 out of 203100 tasks done at 21021.66 secs
134400 out of 203100 tasks done at 21034.88 secs
134500 out of 203100 tasks done at 21049.61 secs
134600 out of 203100 tasks done at 21064.01 secs
134700 out of 203100 tasks done at 21078.43 secs
134800 out of 203100 tasks done at 21092.37 secs
134900 out of 203100 tasks done at 21107.36 secs
135000 out of 203100 tasks done at 21123.08 secs
135100 out of 203100 tasks done at 21138.99 secs
135200 out of 203100 tasks done at 21154.87 secs
135300 out of 203100 tasks done at 21172.18 secs
135400 out of 203100 tasks done at 21187.08 secs
135500 out of 203100 tasks done at 21204.57 secs
135600 out of 203100 tasks done at 21221.52 secs
135700 out of 203100 tasks done at 21235.77 secs
135800 out of 203100 tasks done at 21249.97 secs
135900 out of 203100 tasks done at 21269.24 secs
136000 out of 203100 tasks done at 21287.71 secs
136100 out of 203100 tasks done at 21302.48 secs
136200 out of 203100 tasks done at 21317.10 secs
136300 out of 203100 tasks done at 21332.67 secs
136400 out of 203100 tasks done at 21346.13 secs
136500 out of 203100 tasks done at 21360.28 secs
136600 out of 203100 tasks done at 21374.00 secs
136700 out of 203100 tasks done at 21390.71 secs
136800 out of 203100 tasks done at 21404.04 secs
136900 out of 203100 tasks done at 21417.88 secs
137000 out of 203100 tasks done at 21433.58 secs
137100 out of 203100 tasks done at 21449.33 secs
137200 out of 203100 tasks done at 21464.45 secs
137300 out of 203100 tasks done at 21480.59 secs
137400 out of 203100 tasks done at 21495.63 secs
137500 out of 203100 tasks done at 21510.44 secs
137600 out of 203100 tasks done at 21525.49 secs
137700 out of 203100 tasks done at 21542.13 secs
137800 out of 203100 tasks done at 21558.16 secs
137900 out of 203100 tasks done at 21572.56 secs
138000 out of 203100 tasks done at 21585.10 secs
138100 out of 203100 tasks done at 21599.52 secs
138200 out of 203100 tasks done at 21615.87 secs
138300 out of 203100 tasks done at 21631.57 secs
138400 out of 203100 tasks done at 21646.38 secs
138500 out of 203100 tasks done at 21661.46 secs
138600 out of 203100 tasks done at 21673.92 secs
138700 out of 203100 tasks done at 21693.89 secs
138800 out of 203100 tasks done at 21709.78 secs
138900 out of 203100 tasks done at 21722.11 secs
139000 out of 203100 tasks done at 21739.47 secs
139100 out of 203100 tasks done at 21756.23 secs
139200 out of 203100 tasks done at 21770.28 secs
139300 out of 203100 tasks done at 21786.78 secs
139400 out of 203100 tasks done at 21800.73 secs
139500 out of 203100 tasks done at 21816.98 secs
139600 out of 203100 tasks done at 21831.90 secs
139700 out of 203100 tasks done at 21847.25 secs
139800 out of 203100 tasks done at 21864.36 secs
139900 out of 203100 tasks done at 21876.32 secs
140000 out of 203100 tasks done at 21894.37 secs
140100 out of 203100 tasks done at 21912.87 secs
140200 out of 203100 tasks done at 21927.12 secs
140300 out of 203100 tasks done at 21942.55 secs
140400 out of 203100 tasks done at 21958.92 secs
140500 out of 203100 tasks done at 21976.54 secs
140600 out of 203100 tasks done at 21994.71 secs
140700 out of 203100 tasks done at 22008.85 secs
140800 out of 203100 tasks done at 22024.40 secs
140900 out of 203100 tasks done at 22041.32 secs
141000 out of 203100 tasks done at 22057.72 secs
141100 out of 203100 tasks done at 22071.53 secs
141200 out of 203100 tasks done at 22086.05 secs
141300 out of 203100 tasks done at 22099.44 secs
141400 out of 203100 tasks done at 22113.91 secs
141500 out of 203100 tasks done at 22127.89 secs
141600 out of 203100 tasks done at 22142.30 secs
141700 out of 203100 tasks done at 22157.61 secs
141800 out of 203100 tasks done at 22175.24 secs
141900 out of 203100 tasks done at 22193.26 secs
142000 out of 203100 tasks done at 22210.35 secs
142100 out of 203100 tasks done at 22226.75 secs
142200 out of 203100 tasks done at 22242.11 secs
142300 out of 203100 tasks done at 22255.43 secs
142400 out of 203100 tasks done at 22270.24 secs
142500 out of 203100 tasks done at 22287.12 secs
142600 out of 203100 tasks done at 22302.76 secs
142700 out of 203100 tasks done at 22318.21 secs
142800 out of 203100 tasks done at 22332.16 secs
142900 out of 203100 tasks done at 22349.24 secs
143000 out of 203100 tasks done at 22365.94 secs
143100 out of 203100 tasks done at 22381.03 secs
143200 out of 203100 tasks done at 22396.98 secs
143300 out of 203100 tasks done at 22414.66 secs
143400 out of 203100 tasks done at 22428.39 secs
143500 out of 203100 tasks done at 22443.12 secs
143600 out of 203100 tasks done at 22459.20 secs
143700 out of 203100 tasks done at 22476.22 secs
143800 out of 203100 tasks done at 22495.21 secs
143900 out of 203100 tasks done at 22511.24 secs
144000 out of 203100 tasks done at 22528.35 secs
144100 out of 203100 tasks done at 22544.65 secs
144200 out of 203100 tasks done at 22559.44 secs
144300 out of 203100 tasks done at 22574.63 secs
144400 out of 203100 tasks done at 22591.54 secs
144500 out of 203100 tasks done at 22605.46 secs
144600 out of 203100 tasks done at 22619.12 secs
144700 out of 203100 tasks done at 22633.48 secs
144800 out of 203100 tasks done at 22648.88 secs
144900 out of 203100 tasks done at 22662.23 secs
145000 out of 203100 tasks done at 22677.55 secs
145100 out of 203100 tasks done at 22692.72 secs
145200 out of 203100 tasks done at 22708.49 secs
145300 out of 203100 tasks done at 22723.10 secs
145400 out of 203100 tasks done at 22737.94 secs
145500 out of 203100 tasks done at 22754.11 secs
145600 out of 203100 tasks done at 22771.17 secs
145700 out of 203100 tasks done at 22787.48 secs
145800 out of 203100 tasks done at 22803.43 secs
145900 out of 203100 tasks done at 22818.71 secs
146000 out of 203100 tasks done at 22833.81 secs
146100 out of 203100 tasks done at 22846.56 secs
146200 out of 203100 tasks done at 22861.54 secs
146300 out of 203100 tasks done at 22876.33 secs
146400 out of 203100 tasks done at 22889.63 secs
146500 out of 203100 tasks done at 22908.36 secs
146600 out of 203100 tasks done at 22923.25 secs
146700 out of 203100 tasks done at 22939.72 secs
146800 out of 203100 tasks done at 22954.82 secs
146900 out of 203100 tasks done at 22969.07 secs
147000 out of 203100 tasks done at 22982.46 secs
147100 out of 203100 tasks done at 22998.67 secs
147200 out of 203100 tasks done at 23013.15 secs
147300 out of 203100 tasks done at 23031.44 secs
147400 out of 203100 tasks done at 23047.49 secs
147500 out of 203100 tasks done at 23063.79 secs
147600 out of 203100 tasks done at 23078.88 secs
147700 out of 203100 tasks done at 23095.27 secs
147800 out of 203100 tasks done at 23111.48 secs
147900 out of 203100 tasks done at 23126.29 secs
148000 out of 203100 tasks done at 23140.36 secs
148100 out of 203100 tasks done at 23156.98 secs
148200 out of 203100 tasks done at 23171.31 secs
148300 out of 203100 tasks done at 23204.72 secs
148400 out of 203100 tasks done at 23220.59 secs
148500 out of 203100 tasks done at 23234.66 secs
148600 out of 203100 tasks done at 23248.54 secs
148700 out of 203100 tasks done at 23261.34 secs
148800 out of 203100 tasks done at 23279.26 secs
148900 out of 203100 tasks done at 23294.91 secs
149000 out of 203100 tasks done at 23309.81 secs
149100 out of 203100 tasks done at 23323.36 secs
149200 out of 203100 tasks done at 23338.44 secs
149300 out of 203100 tasks done at 23353.23 secs
149400 out of 203100 tasks done at 23369.76 secs
149500 out of 203100 tasks done at 23387.27 secs
149600 out of 203100 tasks done at 23401.35 secs
149700 out of 203100 tasks done at 23417.08 secs
149800 out of 203100 tasks done at 23432.12 secs
149900 out of 203100 tasks done at 23447.58 secs
150000 out of 203100 tasks done at 23462.53 secs
150100 out of 203100 tasks done at 23479.71 secs
150200 out of 203100 tasks done at 23495.39 secs
150300 out of 203100 tasks done at 23511.14 secs
150400 out of 203100 tasks done at 23525.04 secs
150500 out of 203100 tasks done at 23540.42 secs
150600 out of 203100 tasks done at 23555.94 secs
150700 out of 203100 tasks done at 23569.33 secs
150800 out of 203100 tasks done at 23586.93 secs
150900 out of 203100 tasks done at 23602.79 secs
151000 out of 203100 tasks done at 23620.69 secs
151100 out of 203100 tasks done at 23637.26 secs
151200 out of 203100 tasks done at 23653.58 secs
151300 out of 203100 tasks done at 23668.90 secs
151400 out of 203100 tasks done at 23685.30 secs
151500 out of 203100 tasks done at 23700.43 secs
151600 out of 203100 tasks done at 23715.14 secs
151700 out of 203100 tasks done at 23731.58 secs
151800 out of 203100 tasks done at 23746.62 secs
151900 out of 203100 tasks done at 23762.88 secs
152000 out of 203100 tasks done at 23777.63 secs
152100 out of 203100 tasks done at 23793.13 secs
152200 out of 203100 tasks done at 23807.21 secs
152300 out of 203100 tasks done at 23823.89 secs
152400 out of 203100 tasks done at 23837.58 secs
152500 out of 203100 tasks done at 23852.06 secs
152600 out of 203100 tasks done at 23866.78 secs
152700 out of 203100 tasks done at 23882.03 secs
152800 out of 203100 tasks done at 23898.80 secs
152900 out of 203100 tasks done at 23914.98 secs
153000 out of 203100 tasks done at 23928.61 secs
153100 out of 203100 tasks done at 23943.82 secs
153200 out of 203100 tasks done at 23960.32 secs
153300 out of 203100 tasks done at 23976.87 secs
153400 out of 203100 tasks done at 23991.53 secs
153500 out of 203100 tasks done at 24008.91 secs
153600 out of 203100 tasks done at 24024.50 secs
153700 out of 203100 tasks done at 24039.85 secs
153800 out of 203100 tasks done at 24054.33 secs
153900 out of 203100 tasks done at 24068.94 secs
154000 out of 203100 tasks done at 24084.26 secs
154100 out of 203100 tasks done at 24101.09 secs
154200 out of 203100 tasks done at 24119.01 secs
154300 out of 203100 tasks done at 24135.12 secs
154400 out of 203100 tasks done at 24151.57 secs
154500 out of 203100 tasks done at 24168.20 secs
154600 out of 203100 tasks done at 24184.74 secs
154700 out of 203100 tasks done at 24201.72 secs
154800 out of 203100 tasks done at 24216.94 secs
154900 out of 203100 tasks done at 24232.57 secs
155000 out of 203100 tasks done at 24247.70 secs
155100 out of 203100 tasks done at 24264.67 secs
155200 out of 203100 tasks done at 24283.49 secs
155300 out of 203100 tasks done at 24299.25 secs
155400 out of 203100 tasks done at 24316.87 secs
155500 out of 203100 tasks done at 24332.48 secs
155600 out of 203100 tasks done at 24349.42 secs
155700 out of 203100 tasks done at 24365.24 secs
155800 out of 203100 tasks done at 24379.85 secs
155900 out of 203100 tasks done at 24394.35 secs
156000 out of 203100 tasks done at 24411.31 secs
156100 out of 203100 tasks done at 24427.43 secs
156200 out of 203100 tasks done at 24443.10 secs
156300 out of 203100 tasks done at 24456.34 secs
156400 out of 203100 tasks done at 24490.84 secs
156500 out of 203100 tasks done at 24508.37 secs
156600 out of 203100 tasks done at 24524.04 secs
156700 out of 203100 tasks done at 24536.90 secs
156800 out of 203100 tasks done at 24552.61 secs
156900 out of 203100 tasks done at 24567.41 secs
157000 out of 203100 tasks done at 24583.87 secs
157100 out of 203100 tasks done at 24599.60 secs
157200 out of 203100 tasks done at 24615.61 secs
157300 out of 203100 tasks done at 24632.44 secs
157400 out of 203100 tasks done at 24648.11 secs
157500 out of 203100 tasks done at 24663.95 secs
157600 out of 203100 tasks done at 24678.24 secs
157700 out of 203100 tasks done at 24694.05 secs
157800 out of 203100 tasks done at 24708.57 secs
157900 out of 203100 tasks done at 24724.33 secs
158000 out of 203100 tasks done at 24739.34 secs
158100 out of 203100 tasks done at 24753.94 secs
158200 out of 203100 tasks done at 24771.51 secs
158300 out of 203100 tasks done at 24788.36 secs
158400 out of 203100 tasks done at 24803.43 secs
158500 out of 203100 tasks done at 24819.92 secs
158600 out of 203100 tasks done at 24835.53 secs
158700 out of 203100 tasks done at 24851.68 secs
158800 out of 203100 tasks done at 24867.59 secs
158900 out of 203100 tasks done at 24888.95 secs
159000 out of 203100 tasks done at 24902.86 secs
159100 out of 203100 tasks done at 24919.71 secs
159200 out of 203100 tasks done at 24934.80 secs
159300 out of 203100 tasks done at 24950.98 secs
159400 out of 203100 tasks done at 24966.72 secs
159500 out of 203100 tasks done at 24982.93 secs
159600 out of 203100 tasks done at 25001.12 secs
159700 out of 203100 tasks done at 25015.09 secs
159800 out of 203100 tasks done at 25030.82 secs
159900 out of 203100 tasks done at 25045.71 secs
160000 out of 203100 tasks done at 25058.56 secs
160100 out of 203100 tasks done at 25076.44 secs
160200 out of 203100 tasks done at 25092.66 secs
160300 out of 203100 tasks done at 25107.18 secs
160400 out of 203100 tasks done at 25123.80 secs
160500 out of 203100 tasks done at 25139.10 secs
160600 out of 203100 tasks done at 25154.96 secs
160700 out of 203100 tasks done at 25169.81 secs
160800 out of 203100 tasks done at 25183.94 secs
160900 out of 203100 tasks done at 25198.12 secs
161000 out of 203100 tasks done at 25213.30 secs
161100 out of 203100 tasks done at 25227.51 secs
161200 out of 203100 tasks done at 25243.90 secs
161300 out of 203100 tasks done at 25261.77 secs
161400 out of 203100 tasks done at 25277.02 secs
161500 out of 203100 tasks done at 25292.38 secs
161600 out of 203100 tasks done at 25309.54 secs
161700 out of 203100 tasks done at 25326.61 secs
161800 out of 203100 tasks done at 25340.06 secs
161900 out of 203100 tasks done at 25355.95 secs
162000 out of 203100 tasks done at 25371.24 secs
162100 out of 203100 tasks done at 25385.56 secs
162200 out of 203100 tasks done at 25401.38 secs
162300 out of 203100 tasks done at 25416.59 secs
162400 out of 203100 tasks done at 25432.78 secs
162500 out of 203100 tasks done at 25449.97 secs
162600 out of 203100 tasks done at 25465.04 secs
162700 out of 203100 tasks done at 25478.75 secs
162800 out of 203100 tasks done at 25493.43 secs
162900 out of 203100 tasks done at 25507.36 secs
163000 out of 203100 tasks done at 25523.52 secs
163100 out of 203100 tasks done at 25538.34 secs
163200 out of 203100 tasks done at 25555.02 secs
163300 out of 203100 tasks done at 25570.20 secs
163400 out of 203100 tasks done at 25585.12 secs
163500 out of 203100 tasks done at 25602.74 secs
163600 out of 203100 tasks done at 25621.29 secs
163700 out of 203100 tasks done at 25637.31 secs
163800 out of 203100 tasks done at 25652.88 secs
163900 out of 203100 tasks done at 25669.12 secs
164000 out of 203100 tasks done at 25685.08 secs
164100 out of 203100 tasks done at 25703.72 secs
164200 out of 203100 tasks done at 25718.31 secs
164300 out of 203100 tasks done at 25732.62 secs
164400 out of 203100 tasks done at 25746.60 secs
164500 out of 203100 tasks done at 25760.92 secs
164600 out of 203100 tasks done at 25774.41 secs
164700 out of 203100 tasks done at 25791.22 secs
164800 out of 203100 tasks done at 25808.96 secs
164900 out of 203100 tasks done at 25823.67 secs
165000 out of 203100 tasks done at 25841.33 secs
165100 out of 203100 tasks done at 25859.21 secs
165200 out of 203100 tasks done at 25875.04 secs
165300 out of 203100 tasks done at 25891.32 secs
165400 out of 203100 tasks done at 25905.99 secs
165500 out of 203100 tasks done at 25922.20 secs
165600 out of 203100 tasks done at 25938.07 secs
165700 out of 203100 tasks done at 25951.83 secs
165800 out of 203100 tasks done at 25967.80 secs
165900 out of 203100 tasks done at 25985.20 secs
166000 out of 203100 tasks done at 26001.72 secs
166100 out of 203100 tasks done at 26018.03 secs
166200 out of 203100 tasks done at 26032.26 secs
166300 out of 203100 tasks done at 26050.84 secs
166400 out of 203100 tasks done at 26068.48 secs
166500 out of 203100 tasks done at 26085.68 secs
166600 out of 203100 tasks done at 26104.23 secs
166700 out of 203100 tasks done at 26123.12 secs
166800 out of 203100 tasks done at 26138.64 secs
166900 out of 203100 tasks done at 26158.52 secs
167000 out of 203100 tasks done at 26175.35 secs
167100 out of 203100 tasks done at 26194.08 secs
167200 out of 203100 tasks done at 26209.58 secs
167300 out of 203100 tasks done at 26226.22 secs
167400 out of 203100 tasks done at 26242.30 secs
167500 out of 203100 tasks done at 26257.42 secs
167600 out of 203100 tasks done at 26272.89 secs
167700 out of 203100 tasks done at 26287.02 secs
167800 out of 203100 tasks done at 26302.01 secs
167900 out of 203100 tasks done at 26317.07 secs
168000 out of 203100 tasks done at 26331.16 secs
168100 out of 203100 tasks done at 26346.12 secs
168200 out of 203100 tasks done at 26362.78 secs
168300 out of 203100 tasks done at 26378.43 secs
168400 out of 203100 tasks done at 26392.16 secs
168500 out of 203100 tasks done at 26409.06 secs
168600 out of 203100 tasks done at 26423.22 secs
168700 out of 203100 tasks done at 26440.04 secs
168800 out of 203100 tasks done at 26456.11 secs
168900 out of 203100 tasks done at 26470.81 secs
169000 out of 203100 tasks done at 26486.86 secs
169100 out of 203100 tasks done at 26500.22 secs
169200 out of 203100 tasks done at 26516.20 secs
169300 out of 203100 tasks done at 26533.32 secs
169400 out of 203100 tasks done at 26549.53 secs
169500 out of 203100 tasks done at 26565.97 secs
169600 out of 203100 tasks done at 26580.58 secs
169700 out of 203100 tasks done at 26594.22 secs
169800 out of 203100 tasks done at 26610.25 secs
169900 out of 203100 tasks done at 26625.77 secs
170000 out of 203100 tasks done at 26642.21 secs
170100 out of 203100 tasks done at 26658.65 secs
170200 out of 203100 tasks done at 26673.21 secs
170300 out of 203100 tasks done at 26690.96 secs
170400 out of 203100 tasks done at 26706.23 secs
170500 out of 203100 tasks done at 26723.80 secs
170600 out of 203100 tasks done at 26739.66 secs
170700 out of 203100 tasks done at 26755.12 secs
170800 out of 203100 tasks done at 26770.56 secs
170900 out of 203100 tasks done at 26785.11 secs
171000 out of 203100 tasks done at 26801.21 secs
171100 out of 203100 tasks done at 26816.45 secs
171200 out of 203100 tasks done at 26830.94 secs
171300 out of 203100 tasks done at 26846.51 secs
171400 out of 203100 tasks done at 26860.62 secs
171500 out of 203100 tasks done at 26876.55 secs
171600 out of 203100 tasks done at 26891.43 secs
171700 out of 203100 tasks done at 26907.57 secs
171800 out of 203100 tasks done at 26922.76 secs
171900 out of 203100 tasks done at 26936.37 secs
172000 out of 203100 tasks done at 26949.37 secs
172100 out of 203100 tasks done at 26963.55 secs
172200 out of 203100 tasks done at 26979.76 secs
172300 out of 203100 tasks done at 26995.50 secs
172400 out of 203100 tasks done at 27012.11 secs
172500 out of 203100 tasks done at 27026.97 secs
172600 out of 203100 tasks done at 27042.42 secs
172700 out of 203100 tasks done at 27058.75 secs
172800 out of 203100 tasks done at 27073.61 secs
172900 out of 203100 tasks done at 27089.52 secs
173000 out of 203100 tasks done at 27106.17 secs
173100 out of 203100 tasks done at 27121.71 secs
173200 out of 203100 tasks done at 27137.68 secs
173300 out of 203100 tasks done at 27153.71 secs
173400 out of 203100 tasks done at 27168.14 secs
173500 out of 203100 tasks done at 27184.40 secs
173600 out of 203100 tasks done at 27201.20 secs
173700 out of 203100 tasks done at 27216.54 secs
173800 out of 203100 tasks done at 27233.19 secs
173900 out of 203100 tasks done at 27248.61 secs
174000 out of 203100 tasks done at 27263.44 secs
174100 out of 203100 tasks done at 27278.74 secs
174200 out of 203100 tasks done at 27292.87 secs
174300 out of 203100 tasks done at 27310.99 secs
174400 out of 203100 tasks done at 27326.88 secs
174500 out of 203100 tasks done at 27362.69 secs
174600 out of 203100 tasks done at 27383.04 secs
174700 out of 203100 tasks done at 27398.88 secs
174800 out of 203100 tasks done at 27412.59 secs
174900 out of 203100 tasks done at 27427.56 secs
175000 out of 203100 tasks done at 27441.14 secs
175100 out of 203100 tasks done at 27458.96 secs
175200 out of 203100 tasks done at 27474.25 secs
175300 out of 203100 tasks done at 27491.43 secs
175400 out of 203100 tasks done at 27508.62 secs
175500 out of 203100 tasks done at 27527.03 secs
175600 out of 203100 tasks done at 27542.89 secs
175700 out of 203100 tasks done at 27556.13 secs
175800 out of 203100 tasks done at 27572.80 secs
175900 out of 203100 tasks done at 27589.33 secs
176000 out of 203100 tasks done at 27604.15 secs
176100 out of 203100 tasks done at 27619.91 secs
176200 out of 203100 tasks done at 27634.02 secs
176300 out of 203100 tasks done at 27647.47 secs
176400 out of 203100 tasks done at 27665.43 secs
176500 out of 203100 tasks done at 27679.47 secs
176600 out of 203100 tasks done at 27695.40 secs
176700 out of 203100 tasks done at 27710.75 secs
176800 out of 203100 tasks done at 27727.00 secs
176900 out of 203100 tasks done at 27740.95 secs
177000 out of 203100 tasks done at 27757.58 secs
177100 out of 203100 tasks done at 27773.76 secs
177200 out of 203100 tasks done at 27789.42 secs
177300 out of 203100 tasks done at 27804.71 secs
177400 out of 203100 tasks done at 27821.59 secs
177500 out of 203100 tasks done at 27836.46 secs
177600 out of 203100 tasks done at 27855.03 secs
177700 out of 203100 tasks done at 27871.28 secs
177800 out of 203100 tasks done at 27887.86 secs
177900 out of 203100 tasks done at 27907.56 secs
178000 out of 203100 tasks done at 27923.68 secs
178100 out of 203100 tasks done at 27941.99 secs
178200 out of 203100 tasks done at 27956.12 secs
178300 out of 203100 tasks done at 27971.87 secs
178400 out of 203100 tasks done at 27992.34 secs
178500 out of 203100 tasks done at 28006.81 secs
178600 out of 203100 tasks done at 28022.00 secs
178700 out of 203100 tasks done at 28037.24 secs
178800 out of 203100 tasks done at 28052.64 secs
178900 out of 203100 tasks done at 28072.00 secs
179000 out of 203100 tasks done at 28088.29 secs
179100 out of 203100 tasks done at 28106.36 secs
179200 out of 203100 tasks done at 28122.96 secs
179300 out of 203100 tasks done at 28141.37 secs
179400 out of 203100 tasks done at 28157.05 secs
179500 out of 203100 tasks done at 28173.71 secs
179600 out of 203100 tasks done at 28190.56 secs
179700 out of 203100 tasks done at 28203.75 secs
179800 out of 203100 tasks done at 28219.09 secs
179900 out of 203100 tasks done at 28233.37 secs
180000 out of 203100 tasks done at 28249.13 secs
180100 out of 203100 tasks done at 28268.67 secs
180200 out of 203100 tasks done at 28284.44 secs
180300 out of 203100 tasks done at 28298.67 secs
180400 out of 203100 tasks done at 28311.59 secs
180500 out of 203100 tasks done at 28329.45 secs
180600 out of 203100 tasks done at 28345.02 secs
180700 out of 203100 tasks done at 28359.92 secs
180800 out of 203100 tasks done at 28377.09 secs
180900 out of 203100 tasks done at 28392.80 secs
181000 out of 203100 tasks done at 28409.44 secs
181100 out of 203100 tasks done at 28424.72 secs
181200 out of 203100 tasks done at 28439.83 secs
181300 out of 203100 tasks done at 28453.37 secs
181400 out of 203100 tasks done at 28470.31 secs
181500 out of 203100 tasks done at 28487.76 secs
181600 out of 203100 tasks done at 28502.46 secs
181700 out of 203100 tasks done at 28518.62 secs
181800 out of 203100 tasks done at 28534.85 secs
181900 out of 203100 tasks done at 28549.64 secs
182000 out of 203100 tasks done at 28565.01 secs
182100 out of 203100 tasks done at 28579.83 secs
182200 out of 203100 tasks done at 28597.61 secs
182300 out of 203100 tasks done at 28613.37 secs
182400 out of 203100 tasks done at 28630.21 secs
182500 out of 203100 tasks done at 28644.42 secs
182600 out of 203100 tasks done at 28659.02 secs
182700 out of 203100 tasks done at 28673.86 secs
182800 out of 203100 tasks done at 28687.61 secs
182900 out of 203100 tasks done at 28703.65 secs
183000 out of 203100 tasks done at 28719.37 secs
183100 out of 203100 tasks done at 28734.29 secs
183200 out of 203100 tasks done at 28749.66 secs
183300 out of 203100 tasks done at 28766.07 secs
183400 out of 203100 tasks done at 28780.62 secs
183500 out of 203100 tasks done at 28796.01 secs
183600 out of 203100 tasks done at 28811.17 secs
183700 out of 203100 tasks done at 28826.93 secs
183800 out of 203100 tasks done at 28842.23 secs
183900 out of 203100 tasks done at 28860.43 secs
184000 out of 203100 tasks done at 28875.10 secs
184100 out of 203100 tasks done at 28892.20 secs
184200 out of 203100 tasks done at 28908.08 secs
184300 out of 203100 tasks done at 28922.26 secs
184400 out of 203100 tasks done at 28941.63 secs
184500 out of 203100 tasks done at 28956.88 secs
184600 out of 203100 tasks done at 28973.21 secs
184700 out of 203100 tasks done at 28990.41 secs
184800 out of 203100 tasks done at 29004.15 secs
184900 out of 203100 tasks done at 29020.74 secs
185000 out of 203100 tasks done at 29038.85 secs
185100 out of 203100 tasks done at 29055.41 secs
185200 out of 203100 tasks done at 29070.39 secs
185300 out of 203100 tasks done at 29086.58 secs
185400 out of 203100 tasks done at 29101.14 secs
185500 out of 203100 tasks done at 29117.11 secs
185600 out of 203100 tasks done at 29133.50 secs
185700 out of 203100 tasks done at 29150.80 secs
185800 out of 203100 tasks done at 29167.65 secs
185900 out of 203100 tasks done at 29184.05 secs
186000 out of 203100 tasks done at 29197.97 secs
186100 out of 203100 tasks done at 29215.96 secs
186200 out of 203100 tasks done at 29233.04 secs
186300 out of 203100 tasks done at 29247.60 secs
186400 out of 203100 tasks done at 29261.32 secs
186500 out of 203100 tasks done at 29276.07 secs
186600 out of 203100 tasks done at 29293.01 secs
186700 out of 203100 tasks done at 29308.23 secs
186800 out of 203100 tasks done at 29325.26 secs
186900 out of 203100 tasks done at 29339.97 secs
187000 out of 203100 tasks done at 29357.23 secs
187100 out of 203100 tasks done at 29369.39 secs
187200 out of 203100 tasks done at 29383.72 secs
187300 out of 203100 tasks done at 29398.83 secs
187400 out of 203100 tasks done at 29415.36 secs
187500 out of 203100 tasks done at 29429.02 secs
187600 out of 203100 tasks done at 29442.66 secs
187700 out of 203100 tasks done at 29460.19 secs
187800 out of 203100 tasks done at 29477.42 secs
187900 out of 203100 tasks done at 29495.46 secs
188000 out of 203100 tasks done at 29512.15 secs
188100 out of 203100 tasks done at 29529.61 secs
188200 out of 203100 tasks done at 29543.45 secs
188300 out of 203100 tasks done at 29560.22 secs
188400 out of 203100 tasks done at 29579.72 secs
188500 out of 203100 tasks done at 29595.85 secs
188600 out of 203100 tasks done at 29615.64 secs
188700 out of 203100 tasks done at 29629.65 secs
188800 out of 203100 tasks done at 29644.95 secs
188900 out of 203100 tasks done at 29658.94 secs
189000 out of 203100 tasks done at 29674.48 secs
189100 out of 203100 tasks done at 29688.68 secs
189200 out of 203100 tasks done at 29703.30 secs
189300 out of 203100 tasks done at 29720.49 secs
189400 out of 203100 tasks done at 29738.84 secs
189500 out of 203100 tasks done at 29752.66 secs
189600 out of 203100 tasks done at 29769.25 secs
189700 out of 203100 tasks done at 29785.13 secs
189800 out of 203100 tasks done at 29801.21 secs
189900 out of 203100 tasks done at 29817.28 secs
190000 out of 203100 tasks done at 29831.54 secs
190100 out of 203100 tasks done at 29848.47 secs
190200 out of 203100 tasks done at 29865.08 secs
190300 out of 203100 tasks done at 29882.30 secs
190400 out of 203100 tasks done at 29900.27 secs
190500 out of 203100 tasks done at 29914.11 secs
190600 out of 203100 tasks done at 29929.12 secs
190700 out of 203100 tasks done at 29944.41 secs
190800 out of 203100 tasks done at 29958.24 secs
190900 out of 203100 tasks done at 29974.15 secs
191000 out of 203100 tasks done at 29989.57 secs
191100 out of 203100 tasks done at 30005.04 secs
191200 out of 203100 tasks done at 30020.80 secs
191300 out of 203100 tasks done at 30035.16 secs
191400 out of 203100 tasks done at 30053.26 secs
191500 out of 203100 tasks done at 30067.25 secs
191600 out of 203100 tasks done at 30081.44 secs
191700 out of 203100 tasks done at 30096.46 secs
191800 out of 203100 tasks done at 30114.09 secs
191900 out of 203100 tasks done at 30130.02 secs
192000 out of 203100 tasks done at 30146.64 secs
192100 out of 203100 tasks done at 30162.30 secs
192200 out of 203100 tasks done at 30178.19 secs
192300 out of 203100 tasks done at 30195.92 secs
192400 out of 203100 tasks done at 30214.20 secs
192500 out of 203100 tasks done at 30230.22 secs
192600 out of 203100 tasks done at 30243.50 secs
192700 out of 203100 tasks done at 30258.11 secs
192800 out of 203100 tasks done at 30272.82 secs
192900 out of 203100 tasks done at 30289.72 secs
193000 out of 203100 tasks done at 30305.52 secs
193100 out of 203100 tasks done at 30320.71 secs
193200 out of 203100 tasks done at 30335.30 secs
193300 out of 203100 tasks done at 30351.91 secs
193400 out of 203100 tasks done at 30366.31 secs
193500 out of 203100 tasks done at 30382.90 secs
193600 out of 203100 tasks done at 30398.78 secs
193700 out of 203100 tasks done at 30413.36 secs
193800 out of 203100 tasks done at 30429.88 secs
193900 out of 203100 tasks done at 30445.45 secs
194000 out of 203100 tasks done at 30459.67 secs
194100 out of 203100 tasks done at 30473.50 secs
194200 out of 203100 tasks done at 30491.46 secs
194300 out of 203100 tasks done at 30506.20 secs
194400 out of 203100 tasks done at 30522.35 secs
194500 out of 203100 tasks done at 30539.84 secs
194600 out of 203100 tasks done at 30553.24 secs
194700 out of 203100 tasks done at 30568.60 secs
194800 out of 203100 tasks done at 30584.19 secs
194900 out of 203100 tasks done at 30600.33 secs
195000 out of 203100 tasks done at 30615.68 secs
195100 out of 203100 tasks done at 30630.58 secs
195200 out of 203100 tasks done at 30645.75 secs
195300 out of 203100 tasks done at 30661.54 secs
195400 out of 203100 tasks done at 30677.16 secs
195500 out of 203100 tasks done at 30691.67 secs
195600 out of 203100 tasks done at 30706.12 secs
195700 out of 203100 tasks done at 30722.71 secs
195800 out of 203100 tasks done at 30759.14 secs
195900 out of 203100 tasks done at 30778.21 secs
196000 out of 203100 tasks done at 30797.80 secs
196100 out of 203100 tasks done at 30815.45 secs
196200 out of 203100 tasks done at 30831.28 secs
196300 out of 203100 tasks done at 30846.26 secs
196400 out of 203100 tasks done at 30862.29 secs
196500 out of 203100 tasks done at 30876.41 secs
196600 out of 203100 tasks done at 30892.57 secs
196700 out of 203100 tasks done at 30906.99 secs
196800 out of 203100 tasks done at 30924.35 secs
196900 out of 203100 tasks done at 30940.03 secs
197000 out of 203100 tasks done at 30955.16 secs
197100 out of 203100 tasks done at 30971.67 secs
197200 out of 203100 tasks done at 30988.94 secs
197300 out of 203100 tasks done at 31005.94 secs
197400 out of 203100 tasks done at 31019.64 secs
197500 out of 203100 tasks done at 31036.44 secs
197600 out of 203100 tasks done at 31051.62 secs
197700 out of 203100 tasks done at 31067.00 secs
197800 out of 203100 tasks done at 31085.12 secs
197900 out of 203100 tasks done at 31099.86 secs
198000 out of 203100 tasks done at 31117.75 secs
198100 out of 203100 tasks done at 31132.38 secs
198200 out of 203100 tasks done at 31151.32 secs
198300 out of 203100 tasks done at 31167.60 secs
198400 out of 203100 tasks done at 31182.23 secs
198500 out of 203100 tasks done at 31199.09 secs
198600 out of 203100 tasks done at 31215.24 secs
198700 out of 203100 tasks done at 31234.04 secs
198800 out of 203100 tasks done at 31247.75 secs
198900 out of 203100 tasks done at 31263.12 secs
199000 out of 203100 tasks done at 31279.14 secs
199100 out of 203100 tasks done at 31295.59 secs
199200 out of 203100 tasks done at 31309.20 secs
199300 out of 203100 tasks done at 31323.85 secs
199400 out of 203100 tasks done at 31339.66 secs
199500 out of 203100 tasks done at 31354.97 secs
199600 out of 203100 tasks done at 31368.23 secs
199700 out of 203100 tasks done at 31384.73 secs
199800 out of 203100 tasks done at 31403.15 secs
199900 out of 203100 tasks done at 31417.24 secs
200000 out of 203100 tasks done at 31433.60 secs
200100 out of 203100 tasks done at 31447.78 secs
200200 out of 203100 tasks done at 31463.47 secs
200300 out of 203100 tasks done at 31480.01 secs
200400 out of 203100 tasks done at 31496.71 secs
200500 out of 203100 tasks done at 31513.33 secs
200600 out of 203100 tasks done at 31532.43 secs
200700 out of 203100 tasks done at 31551.88 secs
200800 out of 203100 tasks done at 31568.39 secs
200900 out of 203100 tasks done at 31583.66 secs
201000 out of 203100 tasks done at 31598.81 secs
201100 out of 203100 tasks done at 31616.30 secs
201200 out of 203100 tasks done at 31632.14 secs
201300 out of 203100 tasks done at 31647.42 secs
201400 out of 203100 tasks done at 31663.04 secs
201500 out of 203100 tasks done at 31677.09 secs
201600 out of 203100 tasks done at 31692.47 secs
201700 out of 203100 tasks done at 31708.39 secs
201800 out of 203100 tasks done at 31724.69 secs
201900 out of 203100 tasks done at 31740.20 secs
202000 out of 203100 tasks done at 31754.68 secs
202100 out of 203100 tasks done at 31768.49 secs
202200 out of 203100 tasks done at 31787.58 secs
202300 out of 203100 tasks done at 31801.50 secs
202400 out of 203100 tasks done at 31820.60 secs
202500 out of 203100 tasks done at 31836.66 secs
202600 out of 203100 tasks done at 31852.22 secs
202700 out of 203100 tasks done at 31868.18 secs
202800 out of 203100 tasks done at 31883.48 secs
202900 out of 203100 tasks done at 31901.35 secs
203000 out of 203100 tasks done at 31918.20 secs
203100 out of 203100 tasks done at 31936.21 secs
Application 70676043 network throttled: 8 nodes throttled, 00:35:40 node-seconds
Application 70676043 balanced injection 100, after throttle 63
Application 70676043 resources: utime ~38686s, stime ~16442s, Rss ~628116, inblocks ~2826016554, outblocks ~2426436903
